2018-03-18 23:41:06 INFO  DataSource:74 - loading config.properties..
2018-03-18 23:41:06 INFO  DataSource:83 - loading config.properties done
2018-03-18 23:41:14 INFO  TestBase:145 - http://52.66.147.48/
2018-03-18 23:42:28 INFO  DataSource:74 - loading config.properties..
2018-03-18 23:42:28 INFO  DataSource:83 - loading config.properties done
2018-03-18 23:42:31 INFO  TestBase:145 - http://52.66.147.48/
2018-03-18 23:44:04 INFO  DataSource:74 - loading config.properties..
2018-03-18 23:44:05 INFO  DataSource:83 - loading config.properties done
2018-03-18 23:44:08 INFO  TestBase:145 - http://52.66.147.48/
2018-03-18 23:44:15 INFO  WaitHelper:27 - waiting for element to present..
2018-03-18 23:44:15 INFO  WaitHelper:30 - element is present...
2018-03-18 23:48:26 INFO  DataSource:74 - loading config.properties..
2018-03-18 23:48:26 INFO  DataSource:83 - loading config.properties done
2018-03-18 23:48:30 INFO  TestBase:145 - http://52.66.147.48/
2018-03-18 23:48:37 INFO  WaitHelper:27 - waiting for element to present..
2018-03-18 23:48:37 INFO  WaitHelper:30 - element is present...
2018-03-18 23:54:09 INFO  DataSource:74 - loading config.properties..
2018-03-18 23:54:09 INFO  DataSource:83 - loading config.properties done
2018-03-18 23:54:14 INFO  TestBase:145 - http://52.66.147.48/
2018-03-18 23:54:21 INFO  WaitHelper:27 - waiting for element to present..
2018-03-18 23:54:21 INFO  WaitHelper:30 - element is present...
2018-03-18 23:58:15 INFO  DataSource:74 - loading config.properties..
2018-03-18 23:58:15 INFO  DataSource:83 - loading config.properties done
2018-03-18 23:58:18 INFO  TestBase:145 - http://52.66.147.48/
2018-03-19 00:05:59 INFO  DataSource:74 - loading config.properties..
2018-03-19 00:05:59 INFO  DataSource:83 - loading config.properties done
2018-03-19 00:06:02 INFO  TestBase:145 - http://52.66.147.48/
2018-03-19 00:07:40 INFO  DataSource:74 - loading config.properties..
2018-03-19 00:07:40 INFO  DataSource:83 - loading config.properties done
2018-03-19 00:07:45 INFO  TestBase:145 - http://52.66.147.48/
2018-03-19 00:37:44 INFO  DataSource:74 - loading config.properties..
2018-03-19 00:37:44 INFO  DataSource:83 - loading config.properties done
2018-03-19 00:37:57 INFO  DataSource:74 - loading config.properties..
2018-03-19 00:37:57 INFO  DataSource:83 - loading config.properties done
2018-03-19 00:38:02 INFO  TestBase:122 - http://52.66.147.48/
2018-03-19 00:38:06 INFO  ReadDataFromExcelSheet:22 - Creating excel object:-demo.xlsx
2018-03-19 00:47:32 INFO  DataSource:74 - loading config.properties..
2018-03-19 00:47:32 INFO  DataSource:83 - loading config.properties done
2018-03-19 00:47:35 INFO  TestBase:122 - http://52.66.147.48/
2018-03-19 00:47:39 INFO  ReadDataFromExcelSheet:23 - Creating excel object:-demo.xlsx
2018-03-19 01:11:48 INFO  DataSource:74 - loading config.properties..
2018-03-19 01:11:48 INFO  DataSource:83 - loading config.properties done
2018-03-19 01:11:51 INFO  TestBase:122 - http://52.66.147.48/
2018-03-19 01:11:54 INFO  ReadDataFromExcelSheet:23 - Creating excel object:-demo.xlsx
2018-03-19 01:30:29 INFO  DataSource:74 - loading config.properties..
2018-03-19 01:30:29 INFO  DataSource:83 - loading config.properties done
2018-03-19 01:30:32 INFO  TestBase:122 - http://52.66.147.48/
2018-03-19 01:30:36 INFO  ReadDataFromExcelSheet:23 - Creating excel object:-demo.xlsx
2018-03-19 01:34:03 INFO  DataSource:74 - loading config.properties..
2018-03-19 01:34:03 INFO  DataSource:83 - loading config.properties done
2018-03-19 01:34:06 INFO  TestBase:122 - http://52.66.147.48/
2018-03-19 01:34:10 INFO  ReadDataFromExcelSheet:23 - Creating excel object:-demo.xlsx
2018-03-19 01:46:13 INFO  DataSource:74 - loading config.properties..
2018-03-19 01:46:13 INFO  DataSource:83 - loading config.properties done
2018-03-19 01:46:16 INFO  TestBase:122 - http://52.66.147.48/
2018-03-19 01:46:19 INFO  ReadDataFromExcelSheet:23 - Creating excel object:-demo.xlsx
2018-03-19 01:49:02 INFO  DataSource:74 - loading config.properties..
2018-03-19 01:49:02 INFO  DataSource:83 - loading config.properties done
2018-03-19 01:49:05 INFO  TestBase:122 - http://52.66.147.48/
2018-03-19 01:50:59 INFO  DataSource:74 - loading config.properties..
2018-03-19 01:50:59 INFO  DataSource:83 - loading config.properties done
2018-03-19 01:51:03 INFO  TestBase:122 - http://52.66.147.48/
2018-03-19 01:51:08 INFO  ReadDataFromExcelSheet:23 - Creating excel object:-demo.xlsx
2018-03-19 01:53:43 INFO  DataSource:74 - loading config.properties..
2018-03-19 01:53:43 INFO  DataSource:83 - loading config.properties done
2018-03-19 01:53:48 INFO  TestBase:122 - http://52.66.147.48/
2018-03-19 14:15:29 INFO  DataSource:74 - loading config.properties..
2018-03-19 14:15:29 INFO  DataSource:83 - loading config.properties done
2018-03-19 14:15:50 INFO  TestBase:122 - http://52.66.147.48/
2018-03-19 14:15:57 INFO  ReadDataFromExcelSheet:23 - Creating excel object:-demo.xlsx
2018-03-19 14:49:31 INFO  DataSource:74 - loading config.properties..
2018-03-19 14:49:31 INFO  DataSource:83 - loading config.properties done
2018-03-19 14:49:35 INFO  TestBase:122 - http://52.66.147.48/
2018-03-19 14:49:42 INFO  ReadDataFromExcelSheet:23 - Creating excel object:-demo.xlsx
2018-03-19 15:01:26 INFO  DataSource:74 - loading config.properties..
2018-03-19 15:01:26 INFO  DataSource:83 - loading config.properties done
2018-03-19 15:01:30 INFO  TestBase:122 - http://52.66.147.48/
2018-03-19 15:01:36 INFO  ReadDataFromExcelSheet:23 - Creating excel object:-demo.xlsx
2018-03-19 15:11:17 INFO  DataSource:74 - loading config.properties..
2018-03-19 15:11:17 INFO  DataSource:83 - loading config.properties done
2018-03-19 15:11:23 INFO  TestBase:122 - http://52.66.147.48/
2018-03-19 15:11:31 INFO  WaitHelper:27 - waiting for element to present..
2018-03-19 15:11:31 INFO  WaitHelper:30 - element is present...
2018-03-19 15:11:31 INFO  ReadDataFromExcelSheet:23 - Creating excel object:-demo.xlsx
2018-03-19 15:31:21 INFO  DataSource:74 - loading config.properties..
2018-03-19 15:31:21 INFO  DataSource:83 - loading config.properties done
2018-03-19 15:31:34 INFO  TestBase:122 - http://52.66.147.48/
2018-03-19 15:31:39 INFO  WaitHelper:27 - waiting for element to present..
2018-03-19 15:31:39 INFO  WaitHelper:30 - element is present...
2018-03-19 15:31:39 INFO  ReadDataFromExcelSheet:23 - Creating excel object:-demo.xlsx
2018-03-23 12:05:29 INFO  DataSource:74 - loading config.properties..
2018-03-23 12:05:29 INFO  DataSource:83 - loading config.properties done
2018-03-23 12:05:42 INFO  TestBase:123 - http://52.66.147.48/
2018-03-23 12:05:47 INFO  WaitHelper:27 - waiting for element to present..
2018-03-23 12:05:47 INFO  WaitHelper:30 - element is present...
2018-03-23 12:05:47 INFO  ReadDataFromExcelSheet:27 - Creating excel object:-C:\Users\Aswathy\eclipse-workspace\inmegh\src\main\resources\testData/demo.xlsx
2018-03-23 12:05:48 INFO  loginPage:39 - entering user Name: admin@inmeghcms.in
2018-03-23 12:05:48 INFO  loginPage:44 - entering password: 12345678
2018-03-23 12:05:49 INFO  loginPage:49 - clicking login button
2018-03-23 12:05:58 INFO  WaitHelper:27 - waiting for element to present..
2018-03-23 12:05:59 INFO  WaitHelper:30 - element is present...
2018-03-23 12:05:59 INFO  loginPage:37 - performing mouse over...
2018-03-23 12:05:59 INFO  loginPage:39 - entering user Name: a@123
2018-03-23 12:22:10 INFO  DataSource:74 - loading config.properties..
2018-03-23 12:22:10 INFO  DataSource:83 - loading config.properties done
2018-03-23 12:22:24 INFO  TestBase:123 - http://52.66.147.48/
2018-03-23 12:22:28 INFO  WaitHelper:27 - waiting for element to present..
2018-03-23 12:22:28 INFO  WaitHelper:30 - element is present...
2018-03-23 12:22:29 INFO  ReadDataFromExcelSheet:27 - Creating excel object:-C:\Users\Aswathy\eclipse-workspace\inmegh\src\main\resources\testData/demo.xlsx
2018-03-23 12:22:30 INFO  loginPage:39 - entering user Name: admin@inmeghcms.in
2018-03-23 12:22:30 INFO  loginPage:44 - entering password: 12345678
2018-03-23 12:22:31 INFO  loginPage:49 - clicking login button
2018-03-23 12:22:41 INFO  WaitHelper:27 - waiting for element to present..
2018-03-23 12:22:41 INFO  WaitHelper:30 - element is present...
2018-03-23 12:22:41 INFO  loginPage:37 - performing mouse over...
2018-03-23 12:22:41 INFO  loginPage:39 - entering user Name: a@123
2018-03-23 12:48:06 INFO  DataSource:74 - loading config.properties..
2018-03-23 12:48:06 INFO  DataSource:83 - loading config.properties done
2018-03-23 12:48:10 INFO  TestBase:123 - http://52.66.147.48/
2018-03-23 12:48:13 INFO  WaitHelper:27 - waiting for element to present..
2018-03-23 12:48:13 INFO  WaitHelper:30 - element is present...
2018-03-23 12:48:13 INFO  ReadDataFromExcelSheet:27 - Creating excel object:-C:\Users\Aswathy\eclipse-workspace\inmegh\src\main\resources\testData/demo.xlsx
2018-03-23 12:48:14 INFO  loginPage:39 - entering user Name: a@123
2018-03-23 12:48:14 INFO  loginPage:44 - entering password: emp123
2018-03-23 12:48:15 INFO  loginPage:49 - clicking login button
2018-03-23 12:48:24 INFO  WaitHelper:27 - waiting for element to present..
2018-03-23 12:48:25 INFO  WaitHelper:30 - element is present...
2018-03-23 12:48:25 INFO  loginPage:37 - performing mouse over...
2018-03-23 12:48:25 INFO  loginPage:39 - entering user Name: a@123
2018-03-25 18:57:51 INFO  DataSource:74 - loading config.properties..
2018-03-25 18:57:51 INFO  DataSource:83 - loading config.properties done
2018-03-25 18:58:05 INFO  TestBase:123 - http://52.66.147.48/
2018-03-25 18:58:28 INFO  ReadDataFromExcelSheet:27 - Creating excel object:-C:\Users\Aswathy\eclipse-workspace\inmegh\src\main\resources\testData/demo.xlsx
2018-03-25 19:54:26 INFO  DataSource:74 - loading config.properties..
2018-03-25 19:54:26 INFO  DataSource:83 - loading config.properties done
2018-03-25 19:54:34 INFO  TestBase:123 - http://52.66.147.48/
2018-03-25 19:55:02 INFO  ReadDataFromExcelSheet:27 - Creating excel object:-C:\Users\Aswathy\eclipse-workspace\inmegh\src\main\resources\testData/demo.xlsx
2018-03-25 20:02:17 INFO  DataSource:74 - loading config.properties..
2018-03-25 20:02:17 INFO  DataSource:83 - loading config.properties done
2018-03-25 20:02:22 INFO  TestBase:123 - http://52.66.147.48/
2018-03-25 20:02:50 INFO  ReadDataFromExcelSheet:27 - Creating excel object:-C:\Users\Aswathy\eclipse-workspace\inmegh\src\main\resources\testData/demo.xlsx
2018-03-25 20:03:47 INFO  DataSource:74 - loading config.properties..
2018-03-25 20:03:47 INFO  DataSource:83 - loading config.properties done
2018-03-25 20:03:52 INFO  TestBase:123 - http://52.66.147.48/
2018-03-25 20:04:03 INFO  WaitHelper:27 - waiting for element to present..
2018-03-25 20:04:03 INFO  WaitHelper:30 - element is present...
2018-03-25 20:04:03 INFO  ReadDataFromExcelSheet:27 - Creating excel object:-C:\Users\Aswathy\eclipse-workspace\inmegh\src\main\resources\testData/demo.xlsx
2018-03-25 20:04:04 INFO  loginPage:39 - entering user Name: a@123
2018-03-25 20:04:04 INFO  loginPage:39 - entering user Name: a@123
2018-03-25 20:04:39 INFO  DataSource:74 - loading config.properties..
2018-03-25 20:04:39 INFO  DataSource:83 - loading config.properties done
2018-03-25 20:04:44 INFO  TestBase:123 - http://52.66.147.48/
2018-03-25 20:04:49 INFO  WaitHelper:27 - waiting for element to present..
2018-03-25 20:04:49 INFO  WaitHelper:30 - element is present...
2018-03-25 20:04:49 INFO  ReadDataFromExcelSheet:27 - Creating excel object:-C:\Users\Aswathy\eclipse-workspace\inmegh\src\main\resources\testData/demo.xlsx
2018-03-25 20:04:51 INFO  loginPage:39 - entering user Name: a@123
2018-03-25 20:04:51 INFO  loginPage:39 - entering user Name: a@123
2018-03-25 20:10:40 INFO  DataSource:74 - loading config.properties..
2018-03-25 20:10:40 INFO  DataSource:83 - loading config.properties done
2018-03-25 20:10:46 INFO  TestBase:123 - http://52.66.147.48/
2018-03-25 20:10:54 INFO  ReadDataFromExcelSheet:27 - Creating excel object:-C:\Users\Aswathy\eclipse-workspace\inmegh\src\main\resources\testData/demo.xlsx
2018-03-25 21:08:43 INFO  DataSource:74 - loading config.properties..
2018-03-25 21:08:43 INFO  DataSource:83 - loading config.properties done
2018-03-25 21:08:48 INFO  TestBase:123 - http://52.66.147.48/
2018-03-25 21:09:16 INFO  ReadDataFromExcelSheet:27 - Creating excel object:-C:\Users\Aswathy\eclipse-workspace\inmegh\src\main\resources\testData/demo.xlsx
2018-03-25 22:33:22 INFO  DataSource:74 - loading config.properties..
2018-03-25 22:33:22 INFO  DataSource:83 - loading config.properties done
2018-03-25 22:33:30 INFO  TestBase:123 - http://52.66.147.48/
2018-03-25 22:33:56 INFO  ReadDataFromExcelSheet:27 - Creating excel object:-C:\Users\Aswathy\eclipse-workspace\inmegh\src\main\resources\testData/demo.xlsx
2018-03-25 22:34:44 INFO  DataSource:74 - loading config.properties..
2018-03-25 22:34:44 INFO  DataSource:83 - loading config.properties done
2018-03-25 22:34:48 INFO  TestBase:123 - http://52.66.147.48/
2018-03-25 22:35:17 INFO  ReadDataFromExcelSheet:27 - Creating excel object:-C:\Users\Aswathy\eclipse-workspace\inmegh\src\main\resources\testData/demo.xlsx
2018-03-25 22:39:14 INFO  DataSource:74 - loading config.properties..
2018-03-25 22:39:14 INFO  DataSource:83 - loading config.properties done
2018-03-25 22:39:19 INFO  TestBase:123 - http://52.66.147.48/
2018-03-25 22:39:47 INFO  ReadDataFromExcelSheet:27 - Creating excel object:-C:\Users\Aswathy\eclipse-workspace\inmegh\src\main\resources\testData/demo.xlsx
2018-03-25 22:46:23 INFO  DataSource:74 - loading config.properties..
2018-03-25 22:46:23 INFO  DataSource:83 - loading config.properties done
2018-03-25 22:46:28 INFO  TestBase:123 - http://52.66.147.48/
2018-03-25 22:47:00 INFO  ReadDataFromExcelSheet:27 - Creating excel object:-C:\Users\Aswathy\eclipse-workspace\inmegh\src\main\resources\testData/demo.xlsx
2018-03-25 23:01:26 INFO  DataSource:74 - loading config.properties..
2018-03-25 23:01:26 INFO  DataSource:83 - loading config.properties done
2018-03-25 23:01:31 INFO  TestBase:123 - http://52.66.147.48/
2018-03-25 23:02:01 INFO  ReadDataFromExcelSheet:27 - Creating excel object:-C:\Users\Aswathy\eclipse-workspace\inmegh\src\main\resources\testData/demo.xlsx
2018-03-26 09:52:29 INFO  DataSource:74 - loading config.properties..
2018-03-26 09:52:29 INFO  DataSource:83 - loading config.properties done
2018-03-26 09:52:43 INFO  TestBase:123 - http://52.66.147.48/
2018-03-26 09:52:47 INFO  WaitHelper:27 - waiting for element to present..
2018-03-26 09:52:47 INFO  WaitHelper:30 - element is present...
2018-03-26 09:52:47 INFO  ReadDataFromExcelSheet:27 - Creating excel object:-C:\Users\Aswathy\eclipse-workspace\inmegh\src\main\resources\testData/demo.xlsx
2018-03-26 09:52:49 INFO  loginPage:39 - entering user Name: a@123
2018-03-26 09:52:49 INFO  loginPage:39 - entering user Name: admin@inmeghcms.in
2018-03-26 09:56:40 INFO  DataSource:74 - loading config.properties..
2018-03-26 09:56:40 INFO  DataSource:83 - loading config.properties done
2018-03-26 09:56:47 INFO  TestBase:123 - http://52.66.147.48/
2018-03-26 09:56:51 INFO  WaitHelper:27 - waiting for element to present..
2018-03-26 09:56:52 INFO  WaitHelper:30 - element is present...
2018-03-26 09:56:52 INFO  ReadDataFromExcelSheet:27 - Creating excel object:-C:\Users\Aswathy\eclipse-workspace\inmegh\src\main\resources\testData/demo.xlsx
2018-03-26 09:56:53 INFO  loginPage:39 - entering user Name: a@123
2018-03-26 09:56:53 INFO  loginPage:39 - entering user Name: admin@inmeghcms.in
2018-03-26 11:35:40 INFO  DataSource:74 - loading config.properties..
2018-03-26 11:35:40 INFO  DataSource:83 - loading config.properties done
2018-03-26 11:35:46 INFO  TestBase:123 - http://52.66.147.48/
2018-03-26 11:35:50 INFO  WaitHelper:27 - waiting for element to present..
2018-03-26 11:35:50 INFO  WaitHelper:30 - element is present...
2018-03-26 11:35:50 INFO  ReadDataFromExcelSheet:27 - Creating excel object:-C:\Users\Aswathy\eclipse-workspace\inmegh\src\main\resources\testData/demo.xlsx
2018-03-26 11:35:52 INFO  loginPage:39 - entering user Name: a@123
2018-03-26 11:35:52 INFO  loginPage:39 - entering user Name: admin@inmeghcms.in
2018-03-26 11:41:13 INFO  DataSource:74 - loading config.properties..
2018-03-26 11:41:13 INFO  DataSource:83 - loading config.properties done
2018-03-26 11:41:19 INFO  TestBase:123 - http://52.66.147.48/
2018-03-26 11:41:22 INFO  WaitHelper:27 - waiting for element to present..
2018-03-26 11:41:23 INFO  WaitHelper:30 - element is present...
2018-03-26 11:41:23 INFO  ReadDataFromExcelSheet:27 - Creating excel object:-C:\Users\Aswathy\eclipse-workspace\inmegh\src\main\resources\testData/demo.xlsx
2018-03-26 11:41:24 INFO  loginPage:39 - entering user Name: a@123
2018-03-26 11:41:24 INFO  loginPage:39 - entering user Name: admin@inmeghcms.in
2018-03-26 14:37:57 INFO  DataSource:74 - loading config.properties..
2018-03-26 14:37:57 INFO  DataSource:83 - loading config.properties done
2018-03-26 14:38:05 INFO  TestBase:123 - http://52.66.147.48/
2018-03-26 14:38:09 INFO  WaitHelper:27 - waiting for element to present..
2018-03-26 14:38:09 INFO  WaitHelper:30 - element is present...
2018-03-26 14:38:09 INFO  ReadDataFromExcelSheet:27 - Creating excel object:-C:\Users\Aswathy\eclipse-workspace\inmegh\src\main\resources\testData/demo.xlsx
2018-03-26 14:38:10 INFO  loginPage:39 - entering user Name: a@123
2018-03-26 14:38:11 INFO  loginPage:39 - entering user Name: admin@inmeghcms.in
2018-03-26 14:48:14 INFO  DataSource:74 - loading config.properties..
2018-03-26 14:48:14 INFO  DataSource:83 - loading config.properties done
2018-03-26 14:48:19 INFO  TestBase:123 - http://52.66.147.48/
2018-03-26 14:48:23 INFO  WaitHelper:27 - waiting for element to present..
2018-03-26 14:48:24 INFO  WaitHelper:30 - element is present...
2018-03-26 14:48:24 INFO  ReadDataFromExcelSheet:27 - Creating excel object:-C:\Users\Aswathy\eclipse-workspace\inmegh\src\main\resources\testData/demo.xlsx
2018-03-26 14:48:25 INFO  loginPage:39 - entering user Name: a@123
2018-03-26 14:48:25 INFO  loginPage:39 - entering user Name: admin@inmeghcms.in
2018-03-26 15:17:29 INFO  DataSource:74 - loading config.properties..
2018-03-26 15:17:29 INFO  DataSource:83 - loading config.properties done
2018-03-26 15:17:38 INFO  TestBase:123 - http://52.66.147.48/
2018-03-26 15:17:42 INFO  WaitHelper:27 - waiting for element to present..
2018-03-26 15:17:42 INFO  WaitHelper:30 - element is present...
2018-03-26 15:17:42 INFO  ReadDataFromExcelSheet:27 - Creating excel object:-C:\Users\Aswathy\eclipse-workspace\inmegh\src\main\resources\testData/demo.xlsx
2018-03-26 15:17:43 INFO  loginPage:39 - entering user Name: a@123
2018-03-26 15:17:43 INFO  loginPage:39 - entering user Name: admin@inmeghcms.in
2018-03-26 15:49:52 INFO  DataSource:74 - loading config.properties..
2018-03-26 15:49:52 INFO  DataSource:83 - loading config.properties done
2018-03-26 15:50:00 INFO  TestBase:123 - http://52.66.147.48/
2018-03-26 15:50:02 INFO  WaitHelper:27 - waiting for element to present..
2018-03-26 15:50:03 INFO  WaitHelper:30 - element is present...
2018-03-26 15:50:03 INFO  ReadDataFromExcelSheet:27 - Creating excel object:-C:\Users\Aswathy\eclipse-workspace\inmegh\src\main\resources\testData/demo.xlsx
2018-03-26 15:50:05 INFO  loginPage:37 - entering user Name: a@123
2018-03-26 15:50:05 INFO  loginPage:37 - entering user Name: admin@inmeghcms.in
2018-03-26 15:55:38 INFO  DataSource:74 - loading config.properties..
2018-03-26 15:55:38 INFO  DataSource:83 - loading config.properties done
2018-03-26 15:55:46 INFO  TestBase:123 - http://52.66.147.48/
2018-03-26 15:55:50 INFO  WaitHelper:27 - waiting for element to present..
2018-03-26 15:55:50 INFO  WaitHelper:30 - element is present...
2018-03-26 15:55:50 INFO  ReadDataFromExcelSheet:27 - Creating excel object:-C:\Users\Aswathy\eclipse-workspace\inmegh\src\main\resources\testData/demo.xlsx
2018-03-26 15:55:52 INFO  loginPage:37 - entering user Name: a@123
2018-03-26 15:55:52 INFO  loginPage:37 - entering user Name: admin@inmeghcms.in
2018-03-26 16:18:26 INFO  DataSource:74 - loading config.properties..
2018-03-26 16:18:26 INFO  DataSource:83 - loading config.properties done
2018-03-26 16:18:39 INFO  TestBase:123 - http://52.66.147.48/
2018-03-26 16:18:43 INFO  WaitHelper:27 - waiting for element to present..
2018-03-26 16:18:43 INFO  WaitHelper:30 - element is present...
2018-03-26 16:18:43 INFO  ReadDataFromExcelSheet:27 - Creating excel object:-C:\Users\Aswathy\eclipse-workspace\inmegh\src\main\resources\testData/demo.xlsx
2018-03-26 16:18:45 INFO  loginPage:37 - entering user Name: a@123
2018-03-26 16:18:45 INFO  loginPage:37 - entering user Name: admin@inmeghcms.in
2018-03-26 19:07:26 INFO  DataSource:74 - loading config.properties..
2018-03-26 19:07:26 INFO  DataSource:83 - loading config.properties done
2018-03-26 19:07:36 INFO  TestBase:123 - http://52.66.147.48/
2018-03-26 19:07:40 INFO  WaitHelper:27 - waiting for element to present..
2018-03-26 19:07:40 INFO  WaitHelper:30 - element is present...
2018-03-26 19:07:40 INFO  ReadDataFromExcelSheet:27 - Creating excel object:-C:\Users\Aswathy\eclipse-workspace\inmegh\src\main\resources\testData/demo.xlsx
2018-03-26 19:25:57 INFO  DataSource:74 - loading config.properties..
2018-03-26 19:25:57 INFO  DataSource:83 - loading config.properties done
2018-03-26 19:26:01 INFO  TestBase:123 - http://52.66.147.48/
2018-03-26 19:26:07 INFO  WaitHelper:27 - waiting for element to present..
2018-03-26 19:26:07 INFO  WaitHelper:30 - element is present...
2018-03-26 19:26:07 INFO  ReadDataFromExcelSheet:27 - Creating excel object:-C:\Users\Aswathy\eclipse-workspace\inmegh\src\main\resources\testData/demo.xlsx
2018-03-26 19:26:08 INFO  loginPage:37 - entering user Name: a@123
2018-03-26 19:26:08 INFO  loginPage:37 - entering user Name: admin@inmeghcms.in
2018-03-26 19:26:09 INFO  loginPage:37 - entering user Name: admin@inmeghcms.in
2018-03-26 19:29:58 INFO  DataSource:74 - loading config.properties..
2018-03-26 19:29:58 INFO  DataSource:83 - loading config.properties done
2018-03-26 19:30:01 INFO  TestBase:123 - http://52.66.147.48/
2018-03-26 19:30:19 INFO  WaitHelper:27 - waiting for element to present..
2018-03-26 19:30:20 INFO  WaitHelper:30 - element is present...
2018-03-26 19:30:20 INFO  ReadDataFromExcelSheet:27 - Creating excel object:-C:\Users\Aswathy\eclipse-workspace\inmegh\src\main\resources\testData/demo.xlsx
2018-03-26 19:30:20 INFO  loginPage:37 - entering user Name: a@123
2018-03-26 19:30:20 INFO  loginPage:37 - entering user Name: admin@inmeghcms.in
2018-03-26 19:30:20 INFO  loginPage:37 - entering user Name: admin@inmeghcms.in
2018-03-26 19:30:52 INFO  DataSource:74 - loading config.properties..
2018-03-26 19:30:52 INFO  DataSource:83 - loading config.properties done
2018-03-26 19:30:56 INFO  TestBase:123 - http://52.66.147.48/
2018-03-26 19:31:02 INFO  WaitHelper:27 - waiting for element to present..
2018-03-26 19:31:02 INFO  WaitHelper:30 - element is present...
2018-03-26 19:31:02 INFO  ReadDataFromExcelSheet:27 - Creating excel object:-C:\Users\Aswathy\eclipse-workspace\inmegh\src\main\resources\testData/demo.xlsx
2018-03-26 19:31:03 INFO  loginPage:37 - entering user Name: a@123
2018-03-26 19:31:03 INFO  loginPage:37 - entering user Name: admin@inmeghcms.in
2018-03-26 19:31:03 INFO  loginPage:37 - entering user Name: admin@inmeghcms.in
2018-03-27 00:22:06 INFO  DataSource:74 - loading config.properties..
2018-03-27 00:22:06 INFO  DataSource:83 - loading config.properties done
2018-03-27 00:22:09 INFO  TestBase:123 - http://52.66.147.48/
2018-03-27 00:22:39 INFO  ReadDataFromExcelSheet:27 - Creating excel object:-C:\Users\Aswathy\eclipse-workspace\inmegh\src\main\resources\testData/demo.xlsx
2018-03-27 06:59:51 INFO  DataSource:74 - loading config.properties..
2018-03-27 06:59:51 INFO  DataSource:83 - loading config.properties done
2018-03-27 06:59:56 INFO  TestBase:123 - http://52.66.147.48/
2018-03-27 07:00:16 INFO  ReadDataFromExcelSheet:27 - Creating excel object:-C:\Users\Aswathy\eclipse-workspace\inmegh\src\main\resources\testData/demo.xlsx
2018-03-27 07:32:37 INFO  DataSource:74 - loading config.properties..
2018-03-27 07:32:37 INFO  DataSource:83 - loading config.properties done
2018-03-27 07:32:42 INFO  TestBase:123 - http://52.66.147.48/
2018-03-27 07:33:02 INFO  ReadDataFromExcelSheet:27 - Creating excel object:-C:\Users\Aswathy\eclipse-workspace\inmegh\src\main\resources\testData/demo.xlsx
2018-03-27 07:35:55 INFO  DataSource:74 - loading config.properties..
2018-03-27 07:35:55 INFO  DataSource:83 - loading config.properties done
2018-03-27 07:35:58 INFO  TestBase:123 - http://52.66.147.48/
2018-03-27 07:36:18 INFO  ReadDataFromExcelSheet:27 - Creating excel object:-C:\Users\Aswathy\eclipse-workspace\inmegh\src\main\resources\testData/demo.xlsx
2018-03-27 07:43:36 INFO  DataSource:74 - loading config.properties..
2018-03-27 07:43:36 INFO  DataSource:83 - loading config.properties done
2018-03-27 07:43:43 INFO  TestBase:123 - http://52.66.147.48/
2018-03-27 07:44:03 INFO  ReadDataFromExcelSheet:27 - Creating excel object:-C:\Users\Aswathy\eclipse-workspace\inmegh\src\main\resources\testData/demo.xlsx
2018-03-27 07:46:24 INFO  DataSource:74 - loading config.properties..
2018-03-27 07:46:24 INFO  DataSource:83 - loading config.properties done
2018-03-27 07:46:28 INFO  TestBase:123 - http://52.66.147.48/
2018-03-27 07:46:48 INFO  ReadDataFromExcelSheet:27 - Creating excel object:-C:\Users\Aswathy\eclipse-workspace\inmegh\src\main\resources\testData/demo.xlsx
2018-03-27 07:54:36 INFO  DataSource:74 - loading config.properties..
2018-03-27 07:54:36 INFO  DataSource:83 - loading config.properties done
2018-03-27 07:54:39 INFO  TestBase:123 - http://52.66.147.48/
2018-03-27 07:54:59 INFO  ReadDataFromExcelSheet:27 - Creating excel object:-C:\Users\Aswathy\eclipse-workspace\inmegh\src\main\resources\testData/demo.xlsx
2018-03-27 10:15:25 INFO  DataSource:74 - loading config.properties..
2018-03-27 10:15:25 INFO  DataSource:83 - loading config.properties done
2018-03-27 10:15:35 INFO  TestBase:123 - http://52.66.147.48/
2018-03-27 10:15:46 INFO  WaitHelper:27 - waiting for element to present..
2018-03-27 10:15:46 INFO  WaitHelper:30 - element is present...
2018-03-27 10:15:46 INFO  ReadDataFromExcelSheet:27 - Creating excel object:-C:\Users\Aswathy\eclipse-workspace\inmegh\src\main\resources\testData/demo.xlsx
2018-03-27 10:15:47 INFO  loginPage:37 - entering user Name: a@123
2018-03-27 10:15:47 INFO  loginPage:42 - entering password: emp123
2018-03-27 10:15:48 INFO  loginPage:47 - clicking login button
2018-03-27 10:15:58 INFO  WaitHelper:27 - waiting for element to present..
2018-03-27 10:15:58 INFO  WaitHelper:30 - element is present...
2018-03-27 10:15:58 INFO  loginPage:51 - clicking login button
2018-03-27 10:16:03 INFO  WaitHelper:27 - waiting for element to present..
2018-03-27 10:16:05 INFO  WaitHelper:30 - element is present...
2018-03-27 10:16:05 INFO  loginPage:37 - entering user Name: admin@inmeghcms.in
2018-03-27 10:16:05 INFO  loginPage:42 - entering password: 12345678
2018-03-27 10:16:05 INFO  loginPage:47 - clicking login button
2018-03-27 10:16:15 INFO  WaitHelper:27 - waiting for element to present..
2018-03-27 10:16:16 INFO  WaitHelper:30 - element is present...
2018-03-27 10:16:16 INFO  loginPage:51 - clicking login button
2018-03-27 10:16:21 INFO  WaitHelper:27 - waiting for element to present..
2018-03-27 10:16:22 INFO  WaitHelper:30 - element is present...
2018-03-27 10:16:22 INFO  loginPage:37 - entering user Name: admin@inmeghcms.in
2018-03-27 10:16:22 INFO  loginPage:42 - entering password: 12345
2018-03-27 10:16:22 INFO  loginPage:47 - clicking login button
2018-03-27 10:16:28 INFO  WaitHelper:27 - waiting for element to present..
2018-03-27 10:47:38 INFO  DataSource:74 - loading config.properties..
2018-03-27 10:47:38 INFO  DataSource:83 - loading config.properties done
2018-03-27 10:47:45 INFO  TestBase:133 - http://52.66.147.48/
2018-03-27 10:47:48 INFO  WaitHelper:27 - waiting for element to present..
2018-03-27 10:47:48 INFO  WaitHelper:30 - element is present...
2018-03-27 10:47:48 INFO  ReadDataFromExcelSheet:27 - Creating excel object:-C:\Users\Aswathy\eclipse-workspace\inmegh\src\main\resources\testData/demo.xlsx
2018-03-27 10:47:50 INFO  loginPage:37 - entering user Name: a@123
2018-03-27 10:47:50 INFO  loginPage:42 - entering password: emp123
2018-03-27 10:47:50 INFO  loginPage:47 - clicking login button
2018-03-27 10:48:00 INFO  WaitHelper:27 - waiting for element to present..
2018-03-27 10:48:00 INFO  WaitHelper:30 - element is present...
2018-03-27 10:48:00 INFO  loginPage:51 - clicking login button
2018-03-27 10:48:06 INFO  WaitHelper:27 - waiting for element to present..
2018-03-27 10:48:07 INFO  WaitHelper:30 - element is present...
2018-03-27 10:48:07 INFO  loginPage:37 - entering user Name: admin@inmeghcms.in
2018-03-27 10:48:08 INFO  loginPage:42 - entering password: 12345678
2018-03-27 10:48:08 INFO  loginPage:47 - clicking login button
2018-03-27 10:48:18 INFO  WaitHelper:27 - waiting for element to present..
2018-03-27 10:48:18 INFO  WaitHelper:30 - element is present...
2018-03-27 10:48:18 INFO  loginPage:51 - clicking login button
2018-03-27 10:48:19 INFO  WaitHelper:27 - waiting for element to present..
2018-03-27 10:48:19 INFO  WaitHelper:30 - element is present...
2018-03-27 10:48:19 INFO  loginPage:37 - entering user Name: admin@inmeghcms.in
2018-03-27 10:48:19 INFO  loginPage:42 - entering password: 12345
2018-03-27 10:48:20 INFO  loginPage:47 - clicking login button
2018-03-27 10:48:21 INFO  WaitHelper:27 - waiting for element to present..
2018-03-27 10:57:38 INFO  DataSource:74 - loading config.properties..
2018-03-27 10:57:38 INFO  DataSource:83 - loading config.properties done
2018-03-27 10:57:45 INFO  TestBase:151 - http://52.66.147.48/
2018-03-27 10:57:48 INFO  WaitHelper:27 - waiting for element to present..
2018-03-27 10:57:49 INFO  WaitHelper:30 - element is present...
2018-03-27 10:57:49 INFO  ReadDataFromExcelSheet:27 - Creating excel object:-C:\Users\Aswathy\eclipse-workspace\inmegh\src\main\resources\testData/demo.xlsx
2018-03-27 10:57:50 INFO  loginPage:37 - entering user Name: a@123
2018-03-27 10:57:50 INFO  loginPage:42 - entering password: emp123
2018-03-27 10:57:51 INFO  loginPage:47 - clicking login button
2018-03-27 10:58:06 INFO  WaitHelper:27 - waiting for element to present..
2018-03-27 10:58:06 INFO  WaitHelper:30 - element is present...
2018-03-27 10:58:06 INFO  loginPage:51 - clicking login button
2018-03-27 10:58:11 INFO  WaitHelper:27 - waiting for element to present..
2018-03-27 10:58:12 INFO  WaitHelper:30 - element is present...
2018-03-27 10:58:12 INFO  loginPage:37 - entering user Name: admin@inmeghcms.in
2018-03-27 10:58:12 INFO  loginPage:42 - entering password: 12345678
2018-03-27 10:58:12 INFO  loginPage:47 - clicking login button
2018-03-27 10:58:23 INFO  WaitHelper:27 - waiting for element to present..
2018-03-27 10:58:23 INFO  WaitHelper:30 - element is present...
2018-03-27 10:58:23 INFO  loginPage:51 - clicking login button
2018-03-27 10:58:25 INFO  WaitHelper:27 - waiting for element to present..
2018-03-27 10:58:26 INFO  WaitHelper:30 - element is present...
2018-03-27 10:58:26 INFO  loginPage:37 - entering user Name: admin@inmeghcms.in
2018-03-27 10:58:26 INFO  loginPage:42 - entering password: 12345
2018-03-27 10:58:26 INFO  loginPage:47 - clicking login button
2018-03-27 11:00:44 INFO  DataSource:74 - loading config.properties..
2018-03-27 11:00:44 INFO  DataSource:83 - loading config.properties done
2018-03-27 11:00:49 INFO  TestBase:151 - http://52.66.147.48/
2018-03-27 11:00:51 INFO  WaitHelper:27 - waiting for element to present..
2018-03-27 11:00:52 INFO  WaitHelper:30 - element is present...
2018-03-27 11:00:52 INFO  ReadDataFromExcelSheet:27 - Creating excel object:-C:\Users\Aswathy\eclipse-workspace\inmegh\src\main\resources\testData/demo.xlsx
2018-03-27 11:00:53 INFO  loginPage:37 - entering user Name: a@123
2018-03-27 11:00:53 INFO  loginPage:42 - entering password: emp123
2018-03-27 11:00:53 INFO  loginPage:47 - clicking login button
2018-03-27 11:01:03 INFO  WaitHelper:27 - waiting for element to present..
2018-03-27 11:01:03 INFO  WaitHelper:30 - element is present...
2018-03-27 11:01:03 INFO  loginPage:51 - clicking login button
2018-03-27 11:01:09 INFO  WaitHelper:27 - waiting for element to present..
2018-03-27 11:01:10 INFO  WaitHelper:30 - element is present...
2018-03-27 11:01:10 INFO  loginPage:37 - entering user Name: admin@inmeghcms.in
2018-03-27 11:01:10 INFO  loginPage:42 - entering password: 12345678
2018-03-27 11:01:10 INFO  loginPage:47 - clicking login button
2018-03-27 11:01:21 INFO  WaitHelper:27 - waiting for element to present..
2018-03-27 11:01:41 INFO  loginPage:37 - entering user Name: admin@inmeghcms.in
2018-03-27 11:09:17 INFO  DataSource:74 - loading config.properties..
2018-03-27 11:09:17 INFO  DataSource:83 - loading config.properties done
2018-03-27 11:09:21 INFO  TestBase:173 - http://52.66.147.48/
2018-03-27 11:09:23 INFO  WaitHelper:27 - waiting for element to present..
2018-03-27 11:09:24 INFO  WaitHelper:30 - element is present...
2018-03-27 11:09:24 INFO  ReadDataFromExcelSheet:27 - Creating excel object:-C:\Users\Aswathy\eclipse-workspace\inmegh\src\main\resources\testData/demo.xlsx
2018-03-27 11:09:25 INFO  loginPage:37 - entering user Name: a@123
2018-03-27 11:09:25 INFO  loginPage:42 - entering password: emp123
2018-03-27 11:09:25 INFO  loginPage:47 - clicking login button
2018-03-27 11:09:36 INFO  WaitHelper:27 - waiting for element to present..
2018-03-27 11:09:36 INFO  WaitHelper:30 - element is present...
2018-03-27 11:09:36 INFO  loginPage:51 - clicking login button
2018-03-27 11:09:41 INFO  WaitHelper:27 - waiting for element to present..
2018-03-27 11:09:43 INFO  WaitHelper:30 - element is present...
2018-03-27 11:09:43 INFO  loginPage:37 - entering user Name: admin@inmeghcms.in
2018-03-27 11:09:43 INFO  loginPage:42 - entering password: 12345678
2018-03-27 11:09:43 INFO  loginPage:47 - clicking login button
2018-03-27 11:09:49 INFO  WaitHelper:27 - waiting for element to present..
2018-03-27 11:09:49 INFO  WaitHelper:30 - element is present...
2018-03-27 11:09:49 INFO  loginPage:51 - clicking login button
2018-03-27 11:09:49 INFO  WaitHelper:27 - waiting for element to present..
2018-03-27 11:09:50 INFO  WaitHelper:30 - element is present...
2018-03-27 11:09:50 INFO  loginPage:37 - entering user Name: admin@inmeghcms.in
2018-03-27 11:09:50 INFO  loginPage:42 - entering password: 12345
2018-03-27 11:09:50 INFO  loginPage:47 - clicking login button
2018-03-27 11:09:51 INFO  WaitHelper:27 - waiting for element to present..
2018-03-27 11:12:27 INFO  DataSource:74 - loading config.properties..
2018-03-27 11:12:27 INFO  DataSource:83 - loading config.properties done
2018-03-27 11:12:32 INFO  TestBase:173 - http://52.66.147.48/
2018-03-27 11:12:35 INFO  WaitHelper:27 - waiting for element to present..
2018-03-27 11:12:36 INFO  WaitHelper:30 - element is present...
2018-03-27 11:12:36 INFO  ReadDataFromExcelSheet:27 - Creating excel object:-C:\Users\Aswathy\eclipse-workspace\inmegh\src\main\resources\testData/demo.xlsx
2018-03-27 11:12:37 INFO  loginPage:37 - entering user Name: a@123
2018-03-27 11:12:37 INFO  loginPage:42 - entering password: emp123
2018-03-27 11:12:37 INFO  loginPage:47 - clicking login button
2018-03-27 11:12:43 INFO  WaitHelper:27 - waiting for element to present..
2018-03-27 11:12:43 INFO  WaitHelper:30 - element is present...
2018-03-27 11:12:43 INFO  loginPage:51 - clicking login button
2018-03-27 11:12:44 INFO  WaitHelper:27 - waiting for element to present..
2018-03-27 11:12:44 INFO  WaitHelper:30 - element is present...
2018-03-27 11:12:44 INFO  loginPage:37 - entering user Name: admin@inmeghcms.in
2018-03-27 11:12:45 INFO  loginPage:42 - entering password: 12345678
2018-03-27 11:12:45 INFO  loginPage:47 - clicking login button
2018-03-27 11:12:51 INFO  WaitHelper:27 - waiting for element to present..
2018-03-27 11:12:51 INFO  WaitHelper:30 - element is present...
2018-03-27 11:12:51 INFO  loginPage:51 - clicking login button
2018-03-27 11:12:51 INFO  WaitHelper:27 - waiting for element to present..
2018-03-27 11:12:52 INFO  WaitHelper:30 - element is present...
2018-03-27 11:12:52 INFO  loginPage:37 - entering user Name: admin@inmeghcms.in
2018-03-27 11:12:52 INFO  loginPage:42 - entering password: 12345
2018-03-27 11:12:52 INFO  loginPage:47 - clicking login button
2018-03-27 11:12:53 INFO  WaitHelper:27 - waiting for element to present..
2018-03-27 11:35:11 INFO  DataSource:74 - loading config.properties..
2018-03-27 11:35:11 INFO  DataSource:83 - loading config.properties done
2018-03-27 11:35:16 INFO  TestBase:173 - http://52.66.147.48/
2018-03-27 11:35:19 INFO  WaitHelper:27 - waiting for element to present..
2018-03-27 11:35:20 INFO  WaitHelper:30 - element is present...
2018-03-27 11:35:20 INFO  ReadDataFromExcelSheet:27 - Creating excel object:-C:\Users\Aswathy\eclipse-workspace\inmegh\src\main\resources\testData/demo.xlsx
2018-03-27 11:35:21 INFO  loginPage:39 - entering user Name: a@123
2018-03-27 11:35:21 INFO  loginPage:44 - entering password: emp123
2018-03-27 11:35:21 INFO  loginPage:49 - clicking login button
2018-03-27 11:35:31 INFO  WaitHelper:27 - waiting for element to present..
2018-03-27 11:35:31 INFO  WaitHelper:30 - element is present...
2018-03-27 11:35:31 INFO  loginPage:51 - clicking login button
2018-03-27 11:35:37 INFO  WaitHelper:27 - waiting for element to present..
2018-03-27 11:35:38 INFO  WaitHelper:30 - element is present...
2018-03-27 11:35:38 INFO  loginPage:39 - entering user Name: admin@inmeghcms.in
2018-03-27 11:35:38 INFO  loginPage:44 - entering password: 12345678
2018-03-27 11:35:38 INFO  loginPage:49 - clicking login button
2018-03-27 11:35:49 INFO  WaitHelper:27 - waiting for element to present..
2018-03-27 11:35:49 INFO  WaitHelper:30 - element is present...
2018-03-27 11:35:49 INFO  loginPage:51 - clicking login button
2018-03-27 11:35:54 INFO  WaitHelper:27 - waiting for element to present..
2018-03-27 11:35:56 INFO  WaitHelper:30 - element is present...
2018-03-27 11:35:56 INFO  loginPage:39 - entering user Name: admin@inmeghcms.in
2018-03-27 11:35:56 INFO  loginPage:44 - entering password: 12345
2018-03-27 11:35:56 INFO  loginPage:49 - clicking login button
2018-03-27 11:36:03 INFO  WaitHelper:27 - waiting for element to present..
2018-03-27 11:42:53 INFO  DataSource:74 - loading config.properties..
2018-03-27 11:42:53 INFO  DataSource:83 - loading config.properties done
2018-03-27 11:42:58 INFO  TestBase:130 - http://52.66.147.48/
2018-03-27 11:43:02 INFO  WaitHelper:27 - waiting for element to present..
2018-03-27 11:43:03 INFO  WaitHelper:30 - element is present...
2018-03-27 11:43:03 INFO  ReadDataFromExcelSheet:27 - Creating excel object:-C:\Users\Aswathy\eclipse-workspace\inmegh\src\main\resources\testData/demo.xlsx
2018-03-27 11:43:04 INFO  loginPage:39 - entering user Name: a@123
2018-03-27 11:43:04 INFO  loginPage:44 - entering password: emp123
2018-03-27 11:43:04 INFO  loginPage:49 - clicking login button
2018-03-27 11:43:15 INFO  WaitHelper:27 - waiting for element to present..
2018-03-27 11:43:15 INFO  WaitHelper:30 - element is present...
2018-03-27 11:43:15 INFO  loginPage:51 - clicking login button
2018-03-27 11:43:20 INFO  WaitHelper:27 - waiting for element to present..
2018-03-27 11:43:21 INFO  WaitHelper:30 - element is present...
2018-03-27 11:43:21 INFO  loginPage:39 - entering user Name: admin@inmeghcms.in
2018-03-27 11:43:21 INFO  loginPage:44 - entering password: 12345678
2018-03-27 11:43:22 INFO  loginPage:49 - clicking login button
2018-03-27 11:43:32 INFO  WaitHelper:27 - waiting for element to present..
2018-03-27 11:43:32 INFO  WaitHelper:30 - element is present...
2018-03-27 11:43:32 INFO  loginPage:51 - clicking login button
2018-03-27 11:43:38 INFO  WaitHelper:27 - waiting for element to present..
2018-03-27 11:43:39 INFO  WaitHelper:30 - element is present...
2018-03-27 11:43:39 INFO  loginPage:39 - entering user Name: admin@inmeghcms.in
2018-03-27 11:43:40 INFO  loginPage:44 - entering password: 12345
2018-03-27 11:43:40 INFO  loginPage:49 - clicking login button
2018-03-27 11:43:45 INFO  WaitHelper:27 - waiting for element to present..
2018-03-27 12:59:24 INFO  DataSource:74 - loading config.properties..
2018-03-27 12:59:24 INFO  DataSource:83 - loading config.properties done
2018-03-27 12:59:36 INFO  TestBase:174 - http://52.66.147.48/
2018-03-27 12:59:41 INFO  WaitHelper:27 - waiting for element to present..
2018-03-27 12:59:41 INFO  WaitHelper:30 - element is present...
2018-03-27 12:59:41 INFO  ReadDataFromExcelSheet:27 - Creating excel object:-C:\Users\Aswathy\eclipse-workspace\inmegh\src\main\resources\testData/demo.xlsx
2018-03-27 12:59:42 INFO  GenericHelper:61 - java.lang.NullPointerException
2018-03-27 12:59:43 INFO  GenericHelper:61 - java.lang.NullPointerException
2018-03-27 12:59:44 INFO  GenericHelper:61 - java.lang.NullPointerException
2018-03-27 12:59:44 INFO  GenericHelper:61 - java.lang.NullPointerException
2018-03-27 12:59:44 INFO  GenericHelper:61 - java.lang.NullPointerException
2018-03-27 12:59:44 INFO  GenericHelper:61 - java.lang.NullPointerException
2018-03-27 13:03:02 INFO  DataSource:74 - loading config.properties..
2018-03-27 13:03:02 INFO  DataSource:83 - loading config.properties done
2018-03-27 13:03:10 INFO  TestBase:133 - http://52.66.147.48/
2018-03-27 13:03:15 INFO  WaitHelper:27 - waiting for element to present..
2018-03-27 13:03:15 INFO  WaitHelper:30 - element is present...
2018-03-27 13:03:15 INFO  ReadDataFromExcelSheet:27 - Creating excel object:-C:\Users\Aswathy\eclipse-workspace\inmegh\src\main\resources\testData/demo.xlsx
2018-03-27 13:03:16 INFO  loginPage:37 - entering user Name: a@123
2018-03-27 13:03:16 INFO  loginPage:42 - entering password: emp123
2018-03-27 13:03:17 INFO  loginPage:47 - clicking login button
2018-03-27 13:03:36 INFO  WaitHelper:27 - waiting for element to present..
2018-03-27 13:03:36 INFO  WaitHelper:30 - element is present...
2018-03-27 13:03:36 INFO  loginPage:36 - clicking login button
2018-03-27 13:03:45 INFO  WaitHelper:27 - waiting for element to present..
2018-03-27 13:03:46 INFO  WaitHelper:30 - element is present...
2018-03-27 13:03:46 INFO  loginPage:37 - entering user Name: admin@inmeghcms.in
2018-03-27 13:03:46 INFO  loginPage:42 - entering password: 12345678
2018-03-27 13:03:46 INFO  loginPage:47 - clicking login button
2018-03-27 13:04:11 INFO  loginPage:37 - entering user Name: admin@inmeghcms.in
2018-03-27 13:07:24 INFO  DataSource:74 - loading config.properties..
2018-03-27 13:07:24 INFO  DataSource:83 - loading config.properties done
2018-03-27 13:07:29 INFO  TestBase:126 - http://52.66.147.48/
2018-03-27 13:07:37 INFO  WaitHelper:27 - waiting for element to present..
2018-03-27 13:07:38 INFO  WaitHelper:30 - element is present...
2018-03-27 13:07:38 INFO  ReadDataFromExcelSheet:27 - Creating excel object:-C:\Users\Aswathy\eclipse-workspace\inmegh\src\main\resources\testData/demo.xlsx
2018-03-27 13:07:38 INFO  loginPage:37 - entering user Name: a@123
2018-03-27 13:07:38 INFO  loginPage:42 - entering password: emp123
2018-03-27 13:07:39 INFO  loginPage:47 - clicking login button
2018-03-27 13:07:59 INFO  loginPage:37 - entering user Name: admin@inmeghcms.in
2018-03-27 13:08:19 INFO  loginPage:37 - entering user Name: admin@inmeghcms.in
2018-03-27 13:12:00 INFO  DataSource:74 - loading config.properties..
2018-03-27 13:12:00 INFO  DataSource:83 - loading config.properties done
2018-03-27 13:12:05 INFO  TestBase:123 - http://52.66.147.48/
2018-03-27 13:12:09 INFO  WaitHelper:27 - waiting for element to present..
2018-03-27 13:12:10 INFO  WaitHelper:30 - element is present...
2018-03-27 13:12:10 INFO  ReadDataFromExcelSheet:27 - Creating excel object:-C:\Users\Aswathy\eclipse-workspace\inmegh\src\main\resources\testData/demo.xlsx
2018-03-27 13:12:11 INFO  loginPage:37 - entering user Name: a@123
2018-03-27 13:12:11 INFO  loginPage:42 - entering password: emp123
2018-03-27 13:12:11 INFO  loginPage:47 - clicking login button
2018-03-27 13:12:16 INFO  WaitHelper:27 - waiting for element to present..
2018-03-27 13:12:16 INFO  WaitHelper:30 - element is present...
2018-03-27 13:12:16 INFO  loginPage:36 - clicking login button
2018-03-27 13:12:17 INFO  WaitHelper:27 - waiting for element to present..
2018-03-27 13:12:17 INFO  WaitHelper:30 - element is present...
2018-03-27 13:12:17 INFO  loginPage:37 - entering user Name: admin@inmeghcms.in
2018-03-27 13:12:17 INFO  loginPage:42 - entering password: 12345678
2018-03-27 13:12:18 INFO  loginPage:47 - clicking login button
2018-03-27 13:12:26 INFO  WaitHelper:27 - waiting for element to present..
2018-03-27 13:12:26 INFO  WaitHelper:30 - element is present...
2018-03-27 13:12:26 INFO  loginPage:36 - clicking login button
2018-03-27 13:12:27 INFO  WaitHelper:27 - waiting for element to present..
2018-03-27 13:12:28 INFO  WaitHelper:30 - element is present...
2018-03-27 13:12:28 INFO  loginPage:37 - entering user Name: admin@inmeghcms.in
2018-03-27 13:12:28 INFO  loginPage:42 - entering password: 12345
2018-03-27 13:12:28 INFO  loginPage:47 - clicking login button
2018-03-27 13:12:29 INFO  WaitHelper:27 - waiting for element to present..
2018-03-27 16:26:26 INFO  DataSource:74 - loading config.properties..
2018-03-27 16:26:26 INFO  DataSource:83 - loading config.properties done
2018-03-27 16:26:44 INFO  TestBase:123 - http://52.66.147.48/
2018-03-27 16:26:48 INFO  WaitHelper:27 - waiting for element to present..
2018-03-27 16:26:48 INFO  WaitHelper:30 - element is present...
2018-03-27 16:26:48 INFO  ReadDataFromExcelSheet:27 - Creating excel object:-C:\Users\Aswathy\eclipse-workspace\inmegh\src\main\resources\testData/demo.xlsx
2018-03-27 16:26:50 INFO  loginPage:37 - entering user Name: a@123
2018-03-27 16:26:50 INFO  loginPage:42 - entering password: emp123
2018-03-27 16:26:50 INFO  loginPage:47 - clicking login button
2018-03-27 16:27:01 INFO  WaitHelper:27 - waiting for element to present..
2018-03-27 16:27:01 INFO  WaitHelper:30 - element is present...
2018-03-27 16:27:01 INFO  loginPage:36 - clicking login button
2018-03-27 16:27:07 INFO  WaitHelper:27 - waiting for element to present..
2018-03-27 16:27:08 INFO  WaitHelper:30 - element is present...
2018-03-27 16:27:08 INFO  loginPage:37 - entering user Name: admin@inmeghcms.in
2018-03-27 16:27:08 INFO  loginPage:42 - entering password: 12345678
2018-03-27 16:27:08 INFO  loginPage:47 - clicking login button
2018-03-27 16:27:22 INFO  WaitHelper:27 - waiting for element to present..
2018-03-27 16:27:22 INFO  WaitHelper:30 - element is present...
2018-03-27 16:27:22 INFO  loginPage:36 - clicking login button
2018-03-27 16:27:28 INFO  WaitHelper:27 - waiting for element to present..
2018-03-27 16:27:29 INFO  WaitHelper:30 - element is present...
2018-03-27 16:27:29 INFO  loginPage:37 - entering user Name: admin@inmeghcms.in
2018-03-27 16:27:29 INFO  loginPage:42 - entering password: 12345
2018-03-27 16:27:29 INFO  loginPage:47 - clicking login button
2018-03-27 16:27:35 INFO  WaitHelper:27 - waiting for element to present..
2018-03-28 09:51:38 INFO  DataSource:74 - loading config.properties..
2018-03-28 09:51:38 INFO  DataSource:83 - loading config.properties done
2018-03-28 09:51:47 INFO  TestBase:174 - http://52.66.147.48/
2018-03-28 09:51:49 INFO  WaitHelper:27 - waiting for element to present..
2018-03-28 09:51:51 INFO  WaitHelper:30 - element is present...
2018-03-28 09:51:51 INFO  ReadDataFromExcelSheet:27 - Creating excel object:-C:\Users\Aswathy\eclipse-workspace\inmegh\src\main\resources\testData/demo.xlsx
2018-03-28 09:52:12 INFO  GenericHelper:61 - org.openqa.selenium.NoSuchElementException: no such element: Unable to locate element: {"method":"xpath","selector":"//span[contains(text(),'Dashboard')]"}
  (Session info: chrome=65.0.3325.181)
  (Driver info: chromedriver=2.35.528161 (5b82f2d2aae0ca24b877009200ced9065a772e73),platform=Windows NT 10.0.16299 x86_64) (WARNING: The server did not provide any stacktrace information)
Command duration or timeout: 0 milliseconds
For documentation on this error, please visit: http://seleniumhq.org/exceptions/no_such_element.html
Build info: version: '3.9.1', revision: '63f7b50', time: '2018-02-07T22:25:02.294Z'
System info: host: 'DESKTOP-J2S5NQC', ip: '192.168.1.5', os.name: 'Windows 10', os.arch: 'amd64', os.version: '10.0', java.version: '1.8.0_91'
Driver info: org.openqa.selenium.chrome.ChromeDriver
Capabilities {acceptInsecureCerts: false, acceptSslCerts: false, applicationCacheEnabled: false, browserConnectionEnabled: false, browserName: chrome, chrome: {chromedriverVersion: 2.35.528161 (5b82f2d2aae0ca..., userDataDir: C:\Users\Aswathy\AppData\Lo...}, cssSelectorsEnabled: true, databaseEnabled: false, handlesAlerts: true, hasTouchScreen: false, javascriptEnabled: true, locationContextEnabled: true, mobileEmulationEnabled: false, nativeEvents: true, networkConnectionEnabled: false, pageLoadStrategy: normal, platform: XP, platformName: XP, rotatable: false, setWindowRect: true, takesHeapSnapshot: true, takesScreenshot: true, unexpectedAlertBehaviour: , unhandledPromptBehavior: , version: 65.0.3325.181, webStorageEnabled: true}
Session ID: 53204d523db286fe1c6de4fced337532
*** Element info: {Using=xpath, value=//span[contains(text(),'Dashboard')]}
2018-03-28 09:52:33 INFO  GenericHelper:61 - org.openqa.selenium.NoSuchElementException: no such element: Unable to locate element: {"method":"xpath","selector":"//span[contains(text(),'Dashboard')]"}
  (Session info: chrome=65.0.3325.181)
  (Driver info: chromedriver=2.35.528161 (5b82f2d2aae0ca24b877009200ced9065a772e73),platform=Windows NT 10.0.16299 x86_64) (WARNING: The server did not provide any stacktrace information)
Command duration or timeout: 0 milliseconds
For documentation on this error, please visit: http://seleniumhq.org/exceptions/no_such_element.html
Build info: version: '3.9.1', revision: '63f7b50', time: '2018-02-07T22:25:02.294Z'
System info: host: 'DESKTOP-J2S5NQC', ip: '192.168.1.5', os.name: 'Windows 10', os.arch: 'amd64', os.version: '10.0', java.version: '1.8.0_91'
Driver info: org.openqa.selenium.chrome.ChromeDriver
Capabilities {acceptInsecureCerts: false, acceptSslCerts: false, applicationCacheEnabled: false, browserConnectionEnabled: false, browserName: chrome, chrome: {chromedriverVersion: 2.35.528161 (5b82f2d2aae0ca..., userDataDir: C:\Users\Aswathy\AppData\Lo...}, cssSelectorsEnabled: true, databaseEnabled: false, handlesAlerts: true, hasTouchScreen: false, javascriptEnabled: true, locationContextEnabled: true, mobileEmulationEnabled: false, nativeEvents: true, networkConnectionEnabled: false, pageLoadStrategy: normal, platform: XP, platformName: XP, rotatable: false, setWindowRect: true, takesHeapSnapshot: true, takesScreenshot: true, unexpectedAlertBehaviour: , unhandledPromptBehavior: , version: 65.0.3325.181, webStorageEnabled: true}
Session ID: 53204d523db286fe1c6de4fced337532
*** Element info: {Using=xpath, value=//span[contains(text(),'Dashboard')]}
2018-03-28 09:52:36 INFO  GenericHelper:61 - java.lang.NullPointerException
2018-03-28 10:01:32 INFO  DataSource:74 - loading config.properties..
2018-03-28 10:01:32 INFO  DataSource:83 - loading config.properties done
2018-03-28 10:01:36 INFO  TestBase:174 - http://52.66.147.48/
2018-03-28 10:01:40 INFO  WaitHelper:27 - waiting for element to present..
2018-03-28 10:01:40 INFO  WaitHelper:30 - element is present...
2018-03-28 10:01:40 INFO  ReadDataFromExcelSheet:27 - Creating excel object:-C:\Users\Aswathy\eclipse-workspace\inmegh\src\main\resources\testData/demo.xlsx
2018-03-28 10:02:01 INFO  GenericHelper:61 - org.openqa.selenium.NoSuchElementException: no such element: Unable to locate element: {"method":"xpath","selector":"//span[contains(text(),'Dashboard')]"}
  (Session info: chrome=65.0.3325.181)
  (Driver info: chromedriver=2.35.528161 (5b82f2d2aae0ca24b877009200ced9065a772e73),platform=Windows NT 10.0.16299 x86_64) (WARNING: The server did not provide any stacktrace information)
Command duration or timeout: 0 milliseconds
For documentation on this error, please visit: http://seleniumhq.org/exceptions/no_such_element.html
Build info: version: '3.9.1', revision: '63f7b50', time: '2018-02-07T22:25:02.294Z'
System info: host: 'DESKTOP-J2S5NQC', ip: '192.168.1.5', os.name: 'Windows 10', os.arch: 'amd64', os.version: '10.0', java.version: '1.8.0_91'
Driver info: org.openqa.selenium.chrome.ChromeDriver
Capabilities {acceptInsecureCerts: false, acceptSslCerts: false, applicationCacheEnabled: false, browserConnectionEnabled: false, browserName: chrome, chrome: {chromedriverVersion: 2.35.528161 (5b82f2d2aae0ca..., userDataDir: C:\Users\Aswathy\AppData\Lo...}, cssSelectorsEnabled: true, databaseEnabled: false, handlesAlerts: true, hasTouchScreen: false, javascriptEnabled: true, locationContextEnabled: true, mobileEmulationEnabled: false, nativeEvents: true, networkConnectionEnabled: false, pageLoadStrategy: normal, platform: XP, platformName: XP, rotatable: false, setWindowRect: true, takesHeapSnapshot: true, takesScreenshot: true, unexpectedAlertBehaviour: , unhandledPromptBehavior: , version: 65.0.3325.181, webStorageEnabled: true}
Session ID: 8148701e8fd225bbd2c8b42fc4c85020
*** Element info: {Using=xpath, value=//span[contains(text(),'Dashboard')]}
2018-03-28 10:02:21 INFO  GenericHelper:61 - org.openqa.selenium.NoSuchElementException: no such element: Unable to locate element: {"method":"xpath","selector":"//span[contains(text(),'Dashboard')]"}
  (Session info: chrome=65.0.3325.181)
  (Driver info: chromedriver=2.35.528161 (5b82f2d2aae0ca24b877009200ced9065a772e73),platform=Windows NT 10.0.16299 x86_64) (WARNING: The server did not provide any stacktrace information)
Command duration or timeout: 0 milliseconds
For documentation on this error, please visit: http://seleniumhq.org/exceptions/no_such_element.html
Build info: version: '3.9.1', revision: '63f7b50', time: '2018-02-07T22:25:02.294Z'
System info: host: 'DESKTOP-J2S5NQC', ip: '192.168.1.5', os.name: 'Windows 10', os.arch: 'amd64', os.version: '10.0', java.version: '1.8.0_91'
Driver info: org.openqa.selenium.chrome.ChromeDriver
Capabilities {acceptInsecureCerts: false, acceptSslCerts: false, applicationCacheEnabled: false, browserConnectionEnabled: false, browserName: chrome, chrome: {chromedriverVersion: 2.35.528161 (5b82f2d2aae0ca..., userDataDir: C:\Users\Aswathy\AppData\Lo...}, cssSelectorsEnabled: true, databaseEnabled: false, handlesAlerts: true, hasTouchScreen: false, javascriptEnabled: true, locationContextEnabled: true, mobileEmulationEnabled: false, nativeEvents: true, networkConnectionEnabled: false, pageLoadStrategy: normal, platform: XP, platformName: XP, rotatable: false, setWindowRect: true, takesHeapSnapshot: true, takesScreenshot: true, unexpectedAlertBehaviour: , unhandledPromptBehavior: , version: 65.0.3325.181, webStorageEnabled: true}
Session ID: 8148701e8fd225bbd2c8b42fc4c85020
*** Element info: {Using=xpath, value=//span[contains(text(),'Dashboard')]}
2018-03-28 10:02:42 INFO  GenericHelper:61 - org.openqa.selenium.NoSuchElementException: no such element: Unable to locate element: {"method":"xpath","selector":"//span[contains(text(),'Dashboard')]"}
  (Session info: chrome=65.0.3325.181)
  (Driver info: chromedriver=2.35.528161 (5b82f2d2aae0ca24b877009200ced9065a772e73),platform=Windows NT 10.0.16299 x86_64) (WARNING: The server did not provide any stacktrace information)
Command duration or timeout: 0 milliseconds
For documentation on this error, please visit: http://seleniumhq.org/exceptions/no_such_element.html
Build info: version: '3.9.1', revision: '63f7b50', time: '2018-02-07T22:25:02.294Z'
System info: host: 'DESKTOP-J2S5NQC', ip: '192.168.1.5', os.name: 'Windows 10', os.arch: 'amd64', os.version: '10.0', java.version: '1.8.0_91'
Driver info: org.openqa.selenium.chrome.ChromeDriver
Capabilities {acceptInsecureCerts: false, acceptSslCerts: false, applicationCacheEnabled: false, browserConnectionEnabled: false, browserName: chrome, chrome: {chromedriverVersion: 2.35.528161 (5b82f2d2aae0ca..., userDataDir: C:\Users\Aswathy\AppData\Lo...}, cssSelectorsEnabled: true, databaseEnabled: false, handlesAlerts: true, hasTouchScreen: false, javascriptEnabled: true, locationContextEnabled: true, mobileEmulationEnabled: false, nativeEvents: true, networkConnectionEnabled: false, pageLoadStrategy: normal, platform: XP, platformName: XP, rotatable: false, setWindowRect: true, takesHeapSnapshot: true, takesScreenshot: true, unexpectedAlertBehaviour: , unhandledPromptBehavior: , version: 65.0.3325.181, webStorageEnabled: true}
Session ID: 8148701e8fd225bbd2c8b42fc4c85020
*** Element info: {Using=xpath, value=//span[contains(text(),'Dashboard')]}
2018-03-28 10:17:10 INFO  DataSource:74 - loading config.properties..
2018-03-28 10:17:10 INFO  DataSource:83 - loading config.properties done
2018-03-28 10:17:13 INFO  TestBase:174 - http://52.66.147.48/
2018-03-28 10:17:16 INFO  WaitHelper:27 - waiting for element to present..
2018-03-28 10:17:17 INFO  WaitHelper:30 - element is present...
2018-03-28 10:17:17 INFO  ReadDataFromExcelSheet:27 - Creating excel object:-C:\Users\Aswathy\eclipse-workspace\inmegh\src\main\resources\testData/demo.xlsx
2018-03-28 10:17:37 INFO  GenericHelper:61 - org.openqa.selenium.NoSuchElementException: no such element: Unable to locate element: {"method":"xpath","selector":"//span[@class='entypo-logout right']"}
  (Session info: chrome=65.0.3325.181)
  (Driver info: chromedriver=2.35.528161 (5b82f2d2aae0ca24b877009200ced9065a772e73),platform=Windows NT 10.0.16299 x86_64) (WARNING: The server did not provide any stacktrace information)
Command duration or timeout: 0 milliseconds
For documentation on this error, please visit: http://seleniumhq.org/exceptions/no_such_element.html
Build info: version: '3.9.1', revision: '63f7b50', time: '2018-02-07T22:25:02.294Z'
System info: host: 'DESKTOP-J2S5NQC', ip: '192.168.1.5', os.name: 'Windows 10', os.arch: 'amd64', os.version: '10.0', java.version: '1.8.0_91'
Driver info: org.openqa.selenium.chrome.ChromeDriver
Capabilities {acceptInsecureCerts: false, acceptSslCerts: false, applicationCacheEnabled: false, browserConnectionEnabled: false, browserName: chrome, chrome: {chromedriverVersion: 2.35.528161 (5b82f2d2aae0ca..., userDataDir: C:\Users\Aswathy\AppData\Lo...}, cssSelectorsEnabled: true, databaseEnabled: false, handlesAlerts: true, hasTouchScreen: false, javascriptEnabled: true, locationContextEnabled: true, mobileEmulationEnabled: false, nativeEvents: true, networkConnectionEnabled: false, pageLoadStrategy: normal, platform: XP, platformName: XP, rotatable: false, setWindowRect: true, takesHeapSnapshot: true, takesScreenshot: true, unexpectedAlertBehaviour: , unhandledPromptBehavior: , version: 65.0.3325.181, webStorageEnabled: true}
Session ID: 21a7249547275ebaa2e4eabd1a74d9e6
*** Element info: {Using=xpath, value=//span[@class='entypo-logout right']}
2018-03-28 10:17:58 INFO  GenericHelper:61 - org.openqa.selenium.NoSuchElementException: no such element: Unable to locate element: {"method":"xpath","selector":"//span[@class='entypo-logout right']"}
  (Session info: chrome=65.0.3325.181)
  (Driver info: chromedriver=2.35.528161 (5b82f2d2aae0ca24b877009200ced9065a772e73),platform=Windows NT 10.0.16299 x86_64) (WARNING: The server did not provide any stacktrace information)
Command duration or timeout: 0 milliseconds
For documentation on this error, please visit: http://seleniumhq.org/exceptions/no_such_element.html
Build info: version: '3.9.1', revision: '63f7b50', time: '2018-02-07T22:25:02.294Z'
System info: host: 'DESKTOP-J2S5NQC', ip: '192.168.1.5', os.name: 'Windows 10', os.arch: 'amd64', os.version: '10.0', java.version: '1.8.0_91'
Driver info: org.openqa.selenium.chrome.ChromeDriver
Capabilities {acceptInsecureCerts: false, acceptSslCerts: false, applicationCacheEnabled: false, browserConnectionEnabled: false, browserName: chrome, chrome: {chromedriverVersion: 2.35.528161 (5b82f2d2aae0ca..., userDataDir: C:\Users\Aswathy\AppData\Lo...}, cssSelectorsEnabled: true, databaseEnabled: false, handlesAlerts: true, hasTouchScreen: false, javascriptEnabled: true, locationContextEnabled: true, mobileEmulationEnabled: false, nativeEvents: true, networkConnectionEnabled: false, pageLoadStrategy: normal, platform: XP, platformName: XP, rotatable: false, setWindowRect: true, takesHeapSnapshot: true, takesScreenshot: true, unexpectedAlertBehaviour: , unhandledPromptBehavior: , version: 65.0.3325.181, webStorageEnabled: true}
Session ID: 21a7249547275ebaa2e4eabd1a74d9e6
*** Element info: {Using=xpath, value=//span[@class='entypo-logout right']}
2018-03-28 10:18:19 INFO  GenericHelper:61 - org.openqa.selenium.NoSuchElementException: no such element: Unable to locate element: {"method":"xpath","selector":"//span[@class='entypo-logout right']"}
  (Session info: chrome=65.0.3325.181)
  (Driver info: chromedriver=2.35.528161 (5b82f2d2aae0ca24b877009200ced9065a772e73),platform=Windows NT 10.0.16299 x86_64) (WARNING: The server did not provide any stacktrace information)
Command duration or timeout: 0 milliseconds
For documentation on this error, please visit: http://seleniumhq.org/exceptions/no_such_element.html
Build info: version: '3.9.1', revision: '63f7b50', time: '2018-02-07T22:25:02.294Z'
System info: host: 'DESKTOP-J2S5NQC', ip: '192.168.1.5', os.name: 'Windows 10', os.arch: 'amd64', os.version: '10.0', java.version: '1.8.0_91'
Driver info: org.openqa.selenium.chrome.ChromeDriver
Capabilities {acceptInsecureCerts: false, acceptSslCerts: false, applicationCacheEnabled: false, browserConnectionEnabled: false, browserName: chrome, chrome: {chromedriverVersion: 2.35.528161 (5b82f2d2aae0ca..., userDataDir: C:\Users\Aswathy\AppData\Lo...}, cssSelectorsEnabled: true, databaseEnabled: false, handlesAlerts: true, hasTouchScreen: false, javascriptEnabled: true, locationContextEnabled: true, mobileEmulationEnabled: false, nativeEvents: true, networkConnectionEnabled: false, pageLoadStrategy: normal, platform: XP, platformName: XP, rotatable: false, setWindowRect: true, takesHeapSnapshot: true, takesScreenshot: true, unexpectedAlertBehaviour: , unhandledPromptBehavior: , version: 65.0.3325.181, webStorageEnabled: true}
Session ID: 21a7249547275ebaa2e4eabd1a74d9e6
*** Element info: {Using=xpath, value=//span[@class='entypo-logout right']}
2018-03-28 10:23:18 INFO  DataSource:74 - loading config.properties..
2018-03-28 10:23:18 INFO  DataSource:83 - loading config.properties done
2018-03-28 10:23:23 INFO  TestBase:174 - http://52.66.147.48/
2018-03-28 10:23:27 INFO  WaitHelper:27 - waiting for element to present..
2018-03-28 10:23:28 INFO  WaitHelper:30 - element is present...
2018-03-28 10:23:28 INFO  ReadDataFromExcelSheet:27 - Creating excel object:-C:\Users\Aswathy\eclipse-workspace\inmegh\src\main\resources\testData/demo.xlsx
2018-03-28 10:23:49 INFO  GenericHelper:61 - org.openqa.selenium.NoSuchElementException: no such element: Unable to locate element: {"method":"xpath","selector":"//span[@class='entypo-logout right']"}
  (Session info: chrome=65.0.3325.181)
  (Driver info: chromedriver=2.35.528161 (5b82f2d2aae0ca24b877009200ced9065a772e73),platform=Windows NT 10.0.16299 x86_64) (WARNING: The server did not provide any stacktrace information)
Command duration or timeout: 0 milliseconds
For documentation on this error, please visit: http://seleniumhq.org/exceptions/no_such_element.html
Build info: version: '3.9.1', revision: '63f7b50', time: '2018-02-07T22:25:02.294Z'
System info: host: 'DESKTOP-J2S5NQC', ip: '192.168.1.5', os.name: 'Windows 10', os.arch: 'amd64', os.version: '10.0', java.version: '1.8.0_91'
Driver info: org.openqa.selenium.chrome.ChromeDriver
Capabilities {acceptInsecureCerts: false, acceptSslCerts: false, applicationCacheEnabled: false, browserConnectionEnabled: false, browserName: chrome, chrome: {chromedriverVersion: 2.35.528161 (5b82f2d2aae0ca..., userDataDir: C:\Users\Aswathy\AppData\Lo...}, cssSelectorsEnabled: true, databaseEnabled: false, handlesAlerts: true, hasTouchScreen: false, javascriptEnabled: true, locationContextEnabled: true, mobileEmulationEnabled: false, nativeEvents: true, networkConnectionEnabled: false, pageLoadStrategy: normal, platform: XP, platformName: XP, rotatable: false, setWindowRect: true, takesHeapSnapshot: true, takesScreenshot: true, unexpectedAlertBehaviour: , unhandledPromptBehavior: , version: 65.0.3325.181, webStorageEnabled: true}
Session ID: 7ef2a56fe280b42c039d2255fe10c632
*** Element info: {Using=xpath, value=//span[@class='entypo-logout right']}
2018-03-28 10:24:09 INFO  GenericHelper:61 - org.openqa.selenium.NoSuchElementException: no such element: Unable to locate element: {"method":"xpath","selector":"//span[@class='entypo-logout right']"}
  (Session info: chrome=65.0.3325.181)
  (Driver info: chromedriver=2.35.528161 (5b82f2d2aae0ca24b877009200ced9065a772e73),platform=Windows NT 10.0.16299 x86_64) (WARNING: The server did not provide any stacktrace information)
Command duration or timeout: 0 milliseconds
For documentation on this error, please visit: http://seleniumhq.org/exceptions/no_such_element.html
Build info: version: '3.9.1', revision: '63f7b50', time: '2018-02-07T22:25:02.294Z'
System info: host: 'DESKTOP-J2S5NQC', ip: '192.168.1.5', os.name: 'Windows 10', os.arch: 'amd64', os.version: '10.0', java.version: '1.8.0_91'
Driver info: org.openqa.selenium.chrome.ChromeDriver
Capabilities {acceptInsecureCerts: false, acceptSslCerts: false, applicationCacheEnabled: false, browserConnectionEnabled: false, browserName: chrome, chrome: {chromedriverVersion: 2.35.528161 (5b82f2d2aae0ca..., userDataDir: C:\Users\Aswathy\AppData\Lo...}, cssSelectorsEnabled: true, databaseEnabled: false, handlesAlerts: true, hasTouchScreen: false, javascriptEnabled: true, locationContextEnabled: true, mobileEmulationEnabled: false, nativeEvents: true, networkConnectionEnabled: false, pageLoadStrategy: normal, platform: XP, platformName: XP, rotatable: false, setWindowRect: true, takesHeapSnapshot: true, takesScreenshot: true, unexpectedAlertBehaviour: , unhandledPromptBehavior: , version: 65.0.3325.181, webStorageEnabled: true}
Session ID: 7ef2a56fe280b42c039d2255fe10c632
*** Element info: {Using=xpath, value=//span[@class='entypo-logout right']}
2018-03-28 10:24:30 INFO  GenericHelper:61 - org.openqa.selenium.NoSuchElementException: no such element: Unable to locate element: {"method":"xpath","selector":"//span[@class='entypo-logout right']"}
  (Session info: chrome=65.0.3325.181)
  (Driver info: chromedriver=2.35.528161 (5b82f2d2aae0ca24b877009200ced9065a772e73),platform=Windows NT 10.0.16299 x86_64) (WARNING: The server did not provide any stacktrace information)
Command duration or timeout: 0 milliseconds
For documentation on this error, please visit: http://seleniumhq.org/exceptions/no_such_element.html
Build info: version: '3.9.1', revision: '63f7b50', time: '2018-02-07T22:25:02.294Z'
System info: host: 'DESKTOP-J2S5NQC', ip: '192.168.1.5', os.name: 'Windows 10', os.arch: 'amd64', os.version: '10.0', java.version: '1.8.0_91'
Driver info: org.openqa.selenium.chrome.ChromeDriver
Capabilities {acceptInsecureCerts: false, acceptSslCerts: false, applicationCacheEnabled: false, browserConnectionEnabled: false, browserName: chrome, chrome: {chromedriverVersion: 2.35.528161 (5b82f2d2aae0ca..., userDataDir: C:\Users\Aswathy\AppData\Lo...}, cssSelectorsEnabled: true, databaseEnabled: false, handlesAlerts: true, hasTouchScreen: false, javascriptEnabled: true, locationContextEnabled: true, mobileEmulationEnabled: false, nativeEvents: true, networkConnectionEnabled: false, pageLoadStrategy: normal, platform: XP, platformName: XP, rotatable: false, setWindowRect: true, takesHeapSnapshot: true, takesScreenshot: true, unexpectedAlertBehaviour: , unhandledPromptBehavior: , version: 65.0.3325.181, webStorageEnabled: true}
Session ID: 7ef2a56fe280b42c039d2255fe10c632
*** Element info: {Using=xpath, value=//span[@class='entypo-logout right']}
2018-03-28 10:28:13 INFO  DataSource:74 - loading config.properties..
2018-03-28 10:28:13 INFO  DataSource:83 - loading config.properties done
2018-03-28 10:28:18 INFO  TestBase:174 - http://52.66.147.48/
2018-03-28 10:28:23 INFO  WaitHelper:27 - waiting for element to present..
2018-03-28 10:28:25 INFO  WaitHelper:30 - element is present...
2018-03-28 10:28:25 INFO  ReadDataFromExcelSheet:27 - Creating excel object:-C:\Users\Aswathy\eclipse-workspace\inmegh\src\main\resources\testData/demo.xlsx
2018-03-28 10:28:46 INFO  GenericHelper:61 - org.openqa.selenium.NoSuchElementException: no such element: Unable to locate element: {"method":"xpath","selector":"//span[contains(text(),'Dashboard')]"}
  (Session info: chrome=65.0.3325.181)
  (Driver info: chromedriver=2.35.528161 (5b82f2d2aae0ca24b877009200ced9065a772e73),platform=Windows NT 10.0.16299 x86_64) (WARNING: The server did not provide any stacktrace information)
Command duration or timeout: 0 milliseconds
For documentation on this error, please visit: http://seleniumhq.org/exceptions/no_such_element.html
Build info: version: '3.9.1', revision: '63f7b50', time: '2018-02-07T22:25:02.294Z'
System info: host: 'DESKTOP-J2S5NQC', ip: '192.168.1.5', os.name: 'Windows 10', os.arch: 'amd64', os.version: '10.0', java.version: '1.8.0_91'
Driver info: org.openqa.selenium.chrome.ChromeDriver
Capabilities {acceptInsecureCerts: false, acceptSslCerts: false, applicationCacheEnabled: false, browserConnectionEnabled: false, browserName: chrome, chrome: {chromedriverVersion: 2.35.528161 (5b82f2d2aae0ca..., userDataDir: C:\Users\Aswathy\AppData\Lo...}, cssSelectorsEnabled: true, databaseEnabled: false, handlesAlerts: true, hasTouchScreen: false, javascriptEnabled: true, locationContextEnabled: true, mobileEmulationEnabled: false, nativeEvents: true, networkConnectionEnabled: false, pageLoadStrategy: normal, platform: XP, platformName: XP, rotatable: false, setWindowRect: true, takesHeapSnapshot: true, takesScreenshot: true, unexpectedAlertBehaviour: , unhandledPromptBehavior: , version: 65.0.3325.181, webStorageEnabled: true}
Session ID: 68171b83dcba4bf466c540be9a094987
*** Element info: {Using=xpath, value=//span[contains(text(),'Dashboard')]}
2018-03-28 10:29:06 INFO  GenericHelper:61 - org.openqa.selenium.NoSuchElementException: no such element: Unable to locate element: {"method":"xpath","selector":"//span[contains(text(),'Dashboard')]"}
  (Session info: chrome=65.0.3325.181)
  (Driver info: chromedriver=2.35.528161 (5b82f2d2aae0ca24b877009200ced9065a772e73),platform=Windows NT 10.0.16299 x86_64) (WARNING: The server did not provide any stacktrace information)
Command duration or timeout: 0 milliseconds
For documentation on this error, please visit: http://seleniumhq.org/exceptions/no_such_element.html
Build info: version: '3.9.1', revision: '63f7b50', time: '2018-02-07T22:25:02.294Z'
System info: host: 'DESKTOP-J2S5NQC', ip: '192.168.1.5', os.name: 'Windows 10', os.arch: 'amd64', os.version: '10.0', java.version: '1.8.0_91'
Driver info: org.openqa.selenium.chrome.ChromeDriver
Capabilities {acceptInsecureCerts: false, acceptSslCerts: false, applicationCacheEnabled: false, browserConnectionEnabled: false, browserName: chrome, chrome: {chromedriverVersion: 2.35.528161 (5b82f2d2aae0ca..., userDataDir: C:\Users\Aswathy\AppData\Lo...}, cssSelectorsEnabled: true, databaseEnabled: false, handlesAlerts: true, hasTouchScreen: false, javascriptEnabled: true, locationContextEnabled: true, mobileEmulationEnabled: false, nativeEvents: true, networkConnectionEnabled: false, pageLoadStrategy: normal, platform: XP, platformName: XP, rotatable: false, setWindowRect: true, takesHeapSnapshot: true, takesScreenshot: true, unexpectedAlertBehaviour: , unhandledPromptBehavior: , version: 65.0.3325.181, webStorageEnabled: true}
Session ID: 68171b83dcba4bf466c540be9a094987
*** Element info: {Using=xpath, value=//span[contains(text(),'Dashboard')]}
2018-03-28 10:29:27 INFO  GenericHelper:61 - org.openqa.selenium.NoSuchElementException: no such element: Unable to locate element: {"method":"xpath","selector":"//span[contains(text(),'Dashboard')]"}
  (Session info: chrome=65.0.3325.181)
  (Driver info: chromedriver=2.35.528161 (5b82f2d2aae0ca24b877009200ced9065a772e73),platform=Windows NT 10.0.16299 x86_64) (WARNING: The server did not provide any stacktrace information)
Command duration or timeout: 0 milliseconds
For documentation on this error, please visit: http://seleniumhq.org/exceptions/no_such_element.html
Build info: version: '3.9.1', revision: '63f7b50', time: '2018-02-07T22:25:02.294Z'
System info: host: 'DESKTOP-J2S5NQC', ip: '192.168.1.5', os.name: 'Windows 10', os.arch: 'amd64', os.version: '10.0', java.version: '1.8.0_91'
Driver info: org.openqa.selenium.chrome.ChromeDriver
Capabilities {acceptInsecureCerts: false, acceptSslCerts: false, applicationCacheEnabled: false, browserConnectionEnabled: false, browserName: chrome, chrome: {chromedriverVersion: 2.35.528161 (5b82f2d2aae0ca..., userDataDir: C:\Users\Aswathy\AppData\Lo...}, cssSelectorsEnabled: true, databaseEnabled: false, handlesAlerts: true, hasTouchScreen: false, javascriptEnabled: true, locationContextEnabled: true, mobileEmulationEnabled: false, nativeEvents: true, networkConnectionEnabled: false, pageLoadStrategy: normal, platform: XP, platformName: XP, rotatable: false, setWindowRect: true, takesHeapSnapshot: true, takesScreenshot: true, unexpectedAlertBehaviour: , unhandledPromptBehavior: , version: 65.0.3325.181, webStorageEnabled: true}
Session ID: 68171b83dcba4bf466c540be9a094987
*** Element info: {Using=xpath, value=//span[contains(text(),'Dashboard')]}
2018-03-28 10:33:45 INFO  DataSource:74 - loading config.properties..
2018-03-28 10:33:45 INFO  DataSource:83 - loading config.properties done
2018-03-28 10:33:50 INFO  TestBase:174 - http://52.66.147.48/
2018-03-28 10:33:55 INFO  WaitHelper:27 - waiting for element to present..
2018-03-28 10:33:56 INFO  WaitHelper:30 - element is present...
2018-03-28 10:33:56 INFO  ReadDataFromExcelSheet:27 - Creating excel object:-C:\Users\Aswathy\eclipse-workspace\inmegh\src\main\resources\testData/demo.xlsx
2018-03-28 10:33:56 INFO  GenericHelper:61 - java.lang.NullPointerException
2018-03-28 10:33:57 INFO  GenericHelper:61 - java.lang.NullPointerException
2018-03-28 10:33:57 INFO  GenericHelper:61 - java.lang.NullPointerException
2018-03-28 10:57:17 INFO  DataSource:74 - loading config.properties..
2018-03-28 10:57:17 INFO  DataSource:83 - loading config.properties done
2018-03-28 10:57:23 INFO  TestBase:174 - http://52.66.147.48/
2018-03-28 10:57:26 INFO  WaitHelper:27 - waiting for element to present..
2018-03-28 10:57:27 INFO  WaitHelper:30 - element is present...
2018-03-28 10:57:27 INFO  ReadDataFromExcelSheet:27 - Creating excel object:-C:\Users\Aswathy\eclipse-workspace\inmegh\src\main\resources\testData/demo.xlsx
2018-03-28 10:57:28 INFO  loginPage:44 - entering user Name: a@123
2018-03-28 10:57:28 INFO  loginPage:49 - entering password: emp123
2018-03-28 10:57:28 INFO  loginPage:54 - clicking login button
2018-03-28 10:57:42 INFO  WaitHelper:27 - waiting for element to present..
2018-03-28 10:57:42 INFO  WaitHelper:30 - element is present...
2018-03-28 10:57:42 INFO  loginPage:41 - clicking login button
2018-03-28 10:57:47 INFO  WaitHelper:27 - waiting for element to present..
2018-03-28 10:57:49 INFO  WaitHelper:30 - element is present...
2018-03-28 10:57:49 INFO  loginPage:44 - entering user Name: admin@inmeghcms.in
2018-03-28 10:57:49 INFO  loginPage:49 - entering password: 12345678
2018-03-28 10:57:49 INFO  loginPage:54 - clicking login button
2018-03-28 10:57:58 INFO  WaitHelper:27 - waiting for element to present..
2018-03-28 10:57:59 INFO  WaitHelper:30 - element is present...
2018-03-28 10:57:59 INFO  loginPage:41 - clicking login button
2018-03-28 10:58:04 INFO  WaitHelper:27 - waiting for element to present..
2018-03-28 10:58:05 INFO  WaitHelper:30 - element is present...
2018-03-28 10:58:05 INFO  loginPage:44 - entering user Name: admin@inmeghcms.in
2018-03-28 10:58:05 INFO  loginPage:49 - entering password: 12345
2018-03-28 10:58:05 INFO  loginPage:54 - clicking login button
2018-03-28 10:58:11 INFO  WaitHelper:27 - waiting for element to present..
2018-03-28 11:01:40 INFO  DataSource:74 - loading config.properties..
2018-03-28 11:01:40 INFO  DataSource:83 - loading config.properties done
2018-03-28 11:01:44 INFO  TestBase:174 - http://52.66.147.48/
2018-03-28 11:01:49 INFO  WaitHelper:27 - waiting for element to present..
2018-03-28 11:01:49 INFO  WaitHelper:30 - element is present...
2018-03-28 11:01:49 INFO  ReadDataFromExcelSheet:27 - Creating excel object:-C:\Users\Aswathy\eclipse-workspace\inmegh\src\main\resources\testData/demo.xlsx
2018-03-28 11:01:50 INFO  loginPage:44 - entering user Name: a@123
2018-03-28 11:01:50 INFO  loginPage:49 - entering password: emp123
2018-03-28 11:01:50 INFO  loginPage:54 - clicking login button
2018-03-28 11:02:00 INFO  WaitHelper:27 - waiting for element to present..
2018-03-28 11:02:01 INFO  WaitHelper:30 - element is present...
2018-03-28 11:02:01 INFO  loginPage:41 - clicking login button
2018-03-28 11:02:06 INFO  WaitHelper:27 - waiting for element to present..
2018-03-28 11:02:07 INFO  WaitHelper:30 - element is present...
2018-03-28 11:02:07 INFO  loginPage:44 - entering user Name: admin@inmeghcms.in
2018-03-28 11:02:07 INFO  loginPage:49 - entering password: 12345678
2018-03-28 11:02:08 INFO  loginPage:54 - clicking login button
2018-03-28 11:02:18 INFO  WaitHelper:27 - waiting for element to present..
2018-03-28 11:02:19 INFO  WaitHelper:30 - element is present...
2018-03-28 11:02:19 INFO  loginPage:41 - clicking login button
2018-03-28 11:02:24 INFO  WaitHelper:27 - waiting for element to present..
2018-03-28 11:02:25 INFO  WaitHelper:30 - element is present...
2018-03-28 11:02:25 INFO  loginPage:44 - entering user Name: admin@inmeghcms.in
2018-03-28 11:02:25 INFO  loginPage:49 - entering password: 12345
2018-03-28 11:02:25 INFO  loginPage:54 - clicking login button
2018-03-28 11:02:31 INFO  WaitHelper:27 - waiting for element to present..
2018-03-28 11:06:23 INFO  DataSource:74 - loading config.properties..
2018-03-28 11:06:23 INFO  DataSource:83 - loading config.properties done
2018-03-28 11:06:29 INFO  TestBase:174 - http://52.66.147.48/
2018-03-28 11:06:33 INFO  WaitHelper:27 - waiting for element to present..
2018-03-28 11:06:34 INFO  WaitHelper:30 - element is present...
2018-03-28 11:06:34 INFO  ReadDataFromExcelSheet:27 - Creating excel object:-C:\Users\Aswathy\eclipse-workspace\inmegh\src\main\resources\testData/demo.xlsx
2018-03-28 11:06:35 INFO  loginPage:44 - entering user Name: a@123
2018-03-28 11:06:35 INFO  loginPage:49 - entering password: emp123
2018-03-28 11:06:35 INFO  loginPage:54 - clicking login button
2018-03-28 11:06:40 INFO  WaitHelper:27 - waiting for element to present..
2018-03-28 11:06:40 INFO  WaitHelper:30 - element is present...
2018-03-28 11:06:40 INFO  loginPage:41 - clicking login button
2018-03-28 11:06:41 INFO  WaitHelper:27 - waiting for element to present..
2018-03-28 11:06:42 INFO  WaitHelper:30 - element is present...
2018-03-28 11:06:42 INFO  loginPage:44 - entering user Name: admin@inmeghcms.in
2018-03-28 11:06:42 INFO  loginPage:49 - entering password: 12345678
2018-03-28 11:06:42 INFO  loginPage:54 - clicking login button
2018-03-28 11:06:56 INFO  WaitHelper:27 - waiting for element to present..
2018-03-28 11:06:56 INFO  WaitHelper:30 - element is present...
2018-03-28 11:06:56 INFO  loginPage:41 - clicking login button
2018-03-28 11:06:57 INFO  WaitHelper:27 - waiting for element to present..
2018-03-28 11:06:57 INFO  WaitHelper:30 - element is present...
2018-03-28 11:06:57 INFO  loginPage:44 - entering user Name: admin@inmeghcms.in
2018-03-28 11:06:57 INFO  loginPage:49 - entering password: 12345
2018-03-28 11:06:58 INFO  loginPage:54 - clicking login button
2018-03-28 11:06:58 INFO  WaitHelper:27 - waiting for element to present..
2018-03-28 11:15:03 INFO  DataSource:74 - loading config.properties..
2018-03-28 11:15:03 INFO  DataSource:83 - loading config.properties done
2018-03-28 11:15:14 INFO  TestBase:174 - http://52.66.147.48/
2018-03-28 11:15:17 INFO  WaitHelper:27 - waiting for element to present..
2018-03-28 11:15:18 INFO  WaitHelper:30 - element is present...
2018-03-28 11:15:18 INFO  ReadDataFromExcelSheet:27 - Creating excel object:-C:\Users\Aswathy\eclipse-workspace\inmegh\src\main\resources\testData/demo.xlsx
2018-03-28 11:15:21 INFO  loginPage:44 - entering user Name: a@123
2018-03-28 11:15:21 INFO  loginPage:49 - entering password: emp123
2018-03-28 11:15:21 INFO  loginPage:54 - clicking login button
2018-03-28 11:15:26 INFO  WaitHelper:27 - waiting for element to present..
2018-03-28 11:15:26 INFO  WaitHelper:30 - element is present...
2018-03-28 11:15:26 INFO  loginPage:41 - clicking login button
2018-03-28 11:15:27 INFO  WaitHelper:27 - waiting for element to present..
2018-03-28 11:15:27 INFO  WaitHelper:30 - element is present...
2018-03-28 11:15:27 INFO  loginPage:44 - entering user Name: admin@inmeghcms.in
2018-03-28 11:15:27 INFO  loginPage:49 - entering password: 12345678
2018-03-28 11:15:27 INFO  loginPage:54 - clicking login button
2018-03-28 11:15:38 INFO  WaitHelper:27 - waiting for element to present..
2018-03-28 11:15:38 INFO  WaitHelper:30 - element is present...
2018-03-28 11:15:38 INFO  loginPage:41 - clicking login button
2018-03-28 11:15:38 INFO  WaitHelper:27 - waiting for element to present..
2018-03-28 11:15:39 INFO  WaitHelper:30 - element is present...
2018-03-28 11:15:39 INFO  loginPage:44 - entering user Name: admin@inmeghcms.in
2018-03-28 11:15:39 INFO  loginPage:49 - entering password: 12345
2018-03-28 11:15:39 INFO  loginPage:54 - clicking login button
2018-03-28 11:15:41 INFO  WaitHelper:27 - waiting for element to present..
2018-03-28 11:19:11 INFO  DataSource:74 - loading config.properties..
2018-03-28 11:19:11 INFO  DataSource:83 - loading config.properties done
2018-03-28 11:19:16 INFO  TestBase:174 - http://52.66.147.48/
2018-03-28 11:19:18 INFO  WaitHelper:27 - waiting for element to present..
2018-03-28 11:19:20 INFO  WaitHelper:30 - element is present...
2018-03-28 11:19:20 INFO  ReadDataFromExcelSheet:27 - Creating excel object:-C:\Users\Aswathy\eclipse-workspace\inmegh\src\main\resources\testData/demo.xlsx
2018-03-28 11:19:20 INFO  loginPage:44 - entering user Name: a@123
2018-03-28 11:19:20 INFO  loginPage:49 - entering password: emp123
2018-03-28 11:19:21 INFO  loginPage:54 - clicking login button
2018-03-28 11:19:31 INFO  WaitHelper:27 - waiting for element to present..
2018-03-28 11:19:31 INFO  WaitHelper:30 - element is present...
2018-03-28 11:19:31 INFO  loginPage:41 - clicking login button
2018-03-28 11:19:37 INFO  WaitHelper:27 - waiting for element to present..
2018-03-28 11:19:38 INFO  WaitHelper:30 - element is present...
2018-03-28 11:19:38 INFO  loginPage:44 - entering user Name: admin@inmeghcms.in
2018-03-28 11:19:39 INFO  loginPage:49 - entering password: 12345678
2018-03-28 11:19:39 INFO  loginPage:54 - clicking login button
2018-03-28 11:19:48 INFO  WaitHelper:27 - waiting for element to present..
2018-03-28 11:19:48 INFO  WaitHelper:30 - element is present...
2018-03-28 11:19:48 INFO  loginPage:41 - clicking login button
2018-03-28 11:19:54 INFO  WaitHelper:27 - waiting for element to present..
2018-03-28 11:19:56 INFO  WaitHelper:30 - element is present...
2018-03-28 11:19:56 INFO  loginPage:44 - entering user Name: admin@inmeghcms.in
2018-03-28 11:19:56 INFO  loginPage:49 - entering password: 12345
2018-03-28 11:19:56 INFO  loginPage:54 - clicking login button
2018-03-28 11:20:03 INFO  WaitHelper:27 - waiting for element to present..
2018-03-28 11:26:59 INFO  DataSource:74 - loading config.properties..
2018-03-28 11:26:59 INFO  DataSource:83 - loading config.properties done
2018-03-28 11:27:03 INFO  TestBase:174 - http://52.66.147.48/
2018-03-28 11:27:06 INFO  WaitHelper:27 - waiting for element to present..
2018-03-28 11:27:07 INFO  WaitHelper:30 - element is present...
2018-03-28 11:27:07 INFO  ReadDataFromExcelSheet:27 - Creating excel object:-C:\Users\Aswathy\eclipse-workspace\inmegh\src\main\resources\testData/demo.xlsx
2018-03-28 11:27:07 INFO  loginPage:44 - entering user Name: a@123
2018-03-28 11:27:08 INFO  loginPage:49 - entering password: emp123
2018-03-28 11:27:08 INFO  loginPage:54 - clicking login button
2018-03-28 11:27:13 INFO  WaitHelper:27 - waiting for element to present..
2018-03-28 11:27:13 INFO  WaitHelper:30 - element is present...
2018-03-28 11:27:13 INFO  loginPage:41 - clicking login button
2018-03-28 11:27:13 INFO  WaitHelper:27 - waiting for element to present..
2018-03-28 11:27:14 INFO  WaitHelper:30 - element is present...
2018-03-28 11:27:14 INFO  loginPage:44 - entering user Name: admin@inmeghcms.in
2018-03-28 11:27:14 INFO  loginPage:49 - entering password: 12345678
2018-03-28 11:27:14 INFO  loginPage:54 - clicking login button
2018-03-28 11:27:17 INFO  WaitHelper:27 - waiting for element to present..
2018-03-28 11:27:17 INFO  WaitHelper:30 - element is present...
2018-03-28 11:27:17 INFO  loginPage:41 - clicking login button
2018-03-28 11:27:17 INFO  WaitHelper:27 - waiting for element to present..
2018-03-28 11:27:18 INFO  WaitHelper:30 - element is present...
2018-03-28 11:27:18 INFO  loginPage:44 - entering user Name: admin@inmeghcms.in
2018-03-28 11:27:18 INFO  loginPage:49 - entering password: 12345
2018-03-28 11:27:18 INFO  loginPage:54 - clicking login button
2018-03-28 11:27:19 INFO  WaitHelper:27 - waiting for element to present..
2018-03-28 11:34:57 INFO  DataSource:74 - loading config.properties..
2018-03-28 11:34:57 INFO  DataSource:83 - loading config.properties done
2018-03-28 11:35:04 INFO  TestBase:174 - http://52.66.147.48/
2018-03-28 11:35:11 INFO  WaitHelper:27 - waiting for element to present..
2018-03-28 11:35:13 INFO  WaitHelper:30 - element is present...
2018-03-28 11:35:13 INFO  ReadDataFromExcelSheet:27 - Creating excel object:-C:\Users\Aswathy\eclipse-workspace\inmegh\src\main\resources\testData/demo.xlsx
2018-03-28 11:35:13 INFO  loginPage:44 - entering user Name: a@123
2018-03-28 11:35:13 INFO  loginPage:49 - entering password: emp123
2018-03-28 11:35:13 INFO  loginPage:54 - clicking login button
2018-03-28 11:35:24 INFO  WaitHelper:27 - waiting for element to present..
2018-03-28 11:35:24 INFO  WaitHelper:30 - element is present...
2018-03-28 11:35:24 INFO  loginPage:41 - clicking login button
2018-03-28 11:35:31 INFO  WaitHelper:27 - waiting for element to present..
2018-03-28 11:35:32 INFO  WaitHelper:30 - element is present...
2018-03-28 11:35:32 INFO  loginPage:44 - entering user Name: admin@inmeghcms.in
2018-03-28 11:35:32 INFO  loginPage:49 - entering password: 12345678
2018-03-28 11:35:32 INFO  loginPage:54 - clicking login button
2018-03-28 11:54:14 INFO  DataSource:74 - loading config.properties..
2018-03-28 11:54:14 INFO  DataSource:83 - loading config.properties done
2018-03-28 11:54:23 INFO  TestBase:174 - http://52.66.147.48/
2018-03-28 11:54:28 INFO  WaitHelper:27 - waiting for element to present..
2018-03-28 11:54:28 INFO  WaitHelper:30 - element is present...
2018-03-28 11:54:28 INFO  ReadDataFromExcelSheet:27 - Creating excel object:-C:\Users\Aswathy\eclipse-workspace\inmegh\src\main\resources\testData/demo.xlsx
2018-03-28 11:54:30 INFO  loginPage:44 - entering user Name: a@123
2018-03-28 11:54:30 INFO  loginPage:49 - entering password: emp123
2018-03-28 11:54:30 INFO  loginPage:54 - clicking login button
2018-03-28 11:54:41 INFO  WaitHelper:27 - waiting for element to present..
2018-03-28 11:54:41 INFO  WaitHelper:30 - element is present...
2018-03-28 11:54:41 INFO  loginPage:41 - clicking login button
2018-03-28 11:54:47 INFO  WaitHelper:27 - waiting for element to present..
2018-03-28 11:54:48 INFO  WaitHelper:30 - element is present...
2018-03-28 11:54:48 INFO  loginPage:44 - entering user Name: admin@inmeghcms.in
2018-03-28 11:54:49 INFO  loginPage:49 - entering password: 12345678
2018-03-28 11:54:49 INFO  loginPage:54 - clicking login button
2018-03-28 11:54:59 INFO  WaitHelper:27 - waiting for element to present..
2018-03-28 11:54:59 INFO  WaitHelper:30 - element is present...
2018-03-28 11:54:59 INFO  loginPage:41 - clicking login button
2018-03-28 11:55:05 INFO  WaitHelper:27 - waiting for element to present..
2018-03-28 11:55:06 INFO  WaitHelper:30 - element is present...
2018-03-28 11:55:06 INFO  loginPage:44 - entering user Name: admin@inmeghcms.in
2018-03-28 11:55:06 INFO  loginPage:49 - entering password: 12345
2018-03-28 11:55:06 INFO  loginPage:54 - clicking login button
2018-03-28 11:55:12 INFO  WaitHelper:27 - waiting for element to present..
2018-03-28 12:01:10 INFO  DataSource:74 - loading config.properties..
2018-03-28 12:01:10 INFO  DataSource:83 - loading config.properties done
2018-03-28 12:01:24 INFO  TestBase:174 - http://52.66.147.48/
2018-03-28 12:01:28 INFO  WaitHelper:27 - waiting for element to present..
2018-03-28 12:01:29 INFO  WaitHelper:30 - element is present...
2018-03-28 12:01:29 INFO  ReadDataFromExcelSheet:27 - Creating excel object:-C:\Users\Aswathy\eclipse-workspace\inmegh\src\main\resources\testData/demo.xlsx
2018-03-28 12:01:30 INFO  loginPage:44 - entering user Name: a@123
2018-03-28 12:01:31 INFO  loginPage:49 - entering password: emp123
2018-03-28 12:01:31 INFO  loginPage:54 - clicking login button
2018-03-28 12:01:36 INFO  WaitHelper:27 - waiting for element to present..
2018-03-28 12:01:37 INFO  WaitHelper:30 - element is present...
2018-03-28 12:01:37 INFO  loginPage:41 - clicking login button
2018-03-28 12:01:37 INFO  WaitHelper:27 - waiting for element to present..
2018-03-28 12:01:38 INFO  WaitHelper:30 - element is present...
2018-03-28 12:01:38 INFO  loginPage:44 - entering user Name: admin@inmeghcms.in
2018-03-28 12:01:38 INFO  loginPage:49 - entering password: 12345678
2018-03-28 12:01:38 INFO  loginPage:54 - clicking login button
2018-03-28 12:01:59 INFO  loginPage:44 - entering user Name: a@123
2018-03-28 12:04:16 INFO  DataSource:74 - loading config.properties..
2018-03-28 12:04:16 INFO  DataSource:83 - loading config.properties done
2018-03-28 12:04:25 INFO  TestBase:174 - http://52.66.147.48/
2018-03-28 12:04:30 INFO  WaitHelper:27 - waiting for element to present..
2018-03-28 12:04:31 INFO  WaitHelper:30 - element is present...
2018-03-28 12:04:31 INFO  ReadDataFromExcelSheet:27 - Creating excel object:-C:\Users\Aswathy\eclipse-workspace\inmegh\src\main\resources\testData/demo.xlsx
2018-03-28 12:04:32 INFO  loginPage:44 - entering user Name: a@123
2018-03-28 12:04:32 INFO  loginPage:49 - entering password: emp123
2018-03-28 12:04:33 INFO  loginPage:54 - clicking login button
2018-03-28 12:04:38 INFO  WaitHelper:27 - waiting for element to present..
2018-03-28 12:04:38 INFO  WaitHelper:30 - element is present...
2018-03-28 12:04:38 INFO  loginPage:41 - clicking login button
2018-03-28 12:04:39 INFO  WaitHelper:27 - waiting for element to present..
2018-03-28 12:04:40 INFO  WaitHelper:30 - element is present...
2018-03-28 12:04:40 INFO  loginPage:44 - entering user Name: admin@inmeghcms.in
2018-03-28 12:04:40 INFO  loginPage:49 - entering password: 12345678
2018-03-28 12:04:40 INFO  loginPage:54 - clicking login button
2018-03-28 12:05:02 INFO  loginPage:44 - entering user Name: a@123
2018-03-28 12:08:08 INFO  DataSource:74 - loading config.properties..
2018-03-28 12:08:08 INFO  DataSource:83 - loading config.properties done
2018-03-28 12:08:17 INFO  TestBase:174 - http://52.66.147.48/
2018-03-28 12:08:21 INFO  WaitHelper:27 - waiting for element to present..
2018-03-28 12:08:23 INFO  WaitHelper:30 - element is present...
2018-03-28 12:08:23 INFO  ReadDataFromExcelSheet:27 - Creating excel object:-C:\Users\Aswathy\eclipse-workspace\inmegh\src\main\resources\testData/demo.xlsx
2018-03-28 12:08:24 INFO  loginPage:44 - entering user Name: a@123
2018-03-28 12:08:24 INFO  loginPage:49 - entering password: emp123
2018-03-28 12:08:24 INFO  loginPage:54 - clicking login button
2018-03-28 12:08:34 INFO  WaitHelper:27 - waiting for element to present..
2018-03-28 12:08:34 INFO  WaitHelper:30 - element is present...
2018-03-28 12:08:34 INFO  loginPage:41 - clicking login button
2018-03-28 12:11:00 INFO  DataSource:74 - loading config.properties..
2018-03-28 12:11:00 INFO  DataSource:83 - loading config.properties done
2018-03-28 12:11:11 INFO  TestBase:174 - http://52.66.147.48/
2018-03-28 12:11:15 INFO  WaitHelper:27 - waiting for element to present..
2018-03-28 12:11:17 INFO  WaitHelper:30 - element is present...
2018-03-28 12:11:17 INFO  ReadDataFromExcelSheet:27 - Creating excel object:-C:\Users\Aswathy\eclipse-workspace\inmegh\src\main\resources\testData/demo.xlsx
2018-03-28 12:11:18 INFO  loginPage:44 - entering user Name: a@123
2018-03-28 12:11:18 INFO  loginPage:49 - entering password: emp123
2018-03-28 12:11:18 INFO  loginPage:54 - clicking login button
2018-03-28 12:11:36 INFO  WaitHelper:27 - waiting for element to present..
2018-03-28 12:11:36 INFO  WaitHelper:30 - element is present...
2018-03-28 12:11:36 INFO  loginPage:41 - clicking login button
2018-03-28 12:11:43 INFO  WaitHelper:27 - waiting for element to present..
2018-03-28 12:11:43 INFO  WaitHelper:30 - element is present...
2018-03-28 12:11:43 INFO  loginPage:44 - entering user Name: admin@inmeghcms.in
2018-03-28 12:11:43 INFO  loginPage:49 - entering password: 12345678
2018-03-28 12:11:43 INFO  loginPage:54 - clicking login button
2018-03-28 12:17:59 INFO  DataSource:74 - loading config.properties..
2018-03-28 12:17:59 INFO  DataSource:83 - loading config.properties done
2018-03-28 12:18:10 INFO  TestBase:174 - http://52.66.147.48/
2018-03-28 12:18:13 INFO  WaitHelper:27 - waiting for element to present..
2018-03-28 12:18:14 INFO  WaitHelper:30 - element is present...
2018-03-28 12:18:14 INFO  ReadDataFromExcelSheet:27 - Creating excel object:-C:\Users\Aswathy\eclipse-workspace\inmegh\src\main\resources\testData/demo.xlsx
2018-03-28 12:18:17 INFO  loginPage:44 - entering user Name: a@123
2018-03-28 12:18:17 INFO  loginPage:49 - entering password: emp123
2018-03-28 12:18:17 INFO  loginPage:54 - clicking login button
2018-03-28 12:18:27 INFO  WaitHelper:27 - waiting for element to present..
2018-03-28 12:18:27 INFO  WaitHelper:30 - element is present...
2018-03-28 12:18:27 INFO  loginPage:41 - clicking login button
2018-03-28 12:18:42 INFO  WaitHelper:27 - waiting for element to present..
2018-03-28 12:19:03 INFO  loginPage:44 - entering user Name: admin@inmeghcms.in
2018-03-28 12:19:03 INFO  loginPage:49 - entering password: 12345678
2018-03-28 12:19:03 INFO  loginPage:54 - clicking login button
2018-03-28 12:19:08 INFO  WaitHelper:27 - waiting for element to present..
2018-03-28 12:19:08 INFO  WaitHelper:30 - element is present...
2018-03-28 12:19:08 INFO  loginPage:41 - clicking login button
2018-03-28 12:19:14 INFO  WaitHelper:27 - waiting for element to present..
2018-03-28 12:19:20 INFO  WaitHelper:30 - element is present...
2018-03-28 12:19:20 INFO  loginPage:44 - entering user Name: admin@inmeghcms.in
2018-03-28 12:19:21 INFO  loginPage:49 - entering password: 12345678
2018-03-28 12:19:21 INFO  loginPage:54 - clicking login button
2018-03-28 12:19:28 INFO  WaitHelper:27 - waiting for element to present..
2018-03-28 12:19:28 INFO  WaitHelper:30 - element is present...
2018-03-28 12:19:28 INFO  loginPage:41 - clicking login button
2018-03-28 12:19:34 INFO  WaitHelper:27 - waiting for element to present..
2018-03-28 12:19:39 INFO  WaitHelper:30 - element is present...
2018-03-28 13:14:24 INFO  DataSource:74 - loading config.properties..
2018-03-28 13:14:24 INFO  DataSource:83 - loading config.properties done
2018-03-28 13:14:42 INFO  TestBase:174 - http://52.66.147.48/
2018-03-28 13:14:45 INFO  WaitHelper:27 - waiting for element to present..
2018-03-28 13:14:47 INFO  WaitHelper:30 - element is present...
2018-03-28 13:14:47 INFO  ReadDataFromExcelSheet:27 - Creating excel object:-C:\Users\Aswathy\eclipse-workspace\inmegh\src\main\resources\testData/demo.xlsx
2018-03-28 13:14:48 INFO  loginPage:44 - entering user Name: a@123
2018-03-28 13:14:49 INFO  loginPage:49 - entering password: emp123
2018-03-28 13:14:49 INFO  loginPage:54 - clicking login button
2018-03-28 13:15:00 INFO  WaitHelper:27 - waiting for element to present..
2018-03-28 13:15:00 INFO  WaitHelper:30 - element is present...
2018-03-28 13:15:00 INFO  loginPage:41 - clicking login button
2018-03-28 13:15:05 INFO  WaitHelper:27 - waiting for element to present..
2018-03-28 13:15:06 INFO  WaitHelper:30 - element is present...
2018-03-28 13:15:06 INFO  loginPage:44 - entering user Name: admin@inmeghcms.in
2018-03-28 13:15:07 INFO  loginPage:49 - entering password: 12345678
2018-03-28 13:15:07 INFO  loginPage:54 - clicking login button
2018-03-28 13:58:31 INFO  DataSource:74 - loading config.properties..
2018-03-28 13:58:31 INFO  DataSource:83 - loading config.properties done
2018-03-28 13:58:47 INFO  TestBase:174 - http://52.66.147.48/
2018-03-28 13:58:50 INFO  WaitHelper:27 - waiting for element to present..
2018-03-28 13:58:50 INFO  WaitHelper:30 - element is present...
2018-03-28 13:58:50 INFO  ReadDataFromExcelSheet:27 - Creating excel object:-C:\Users\Aswathy\eclipse-workspace\inmegh\src\main\resources\testData/demo.xlsx
2018-03-28 13:58:53 INFO  loginPage:44 - entering user Name: a@123
2018-03-28 13:58:53 INFO  loginPage:49 - entering password: emp123
2018-03-28 13:58:53 INFO  loginPage:54 - clicking login button
2018-03-28 13:58:58 INFO  WaitHelper:27 - waiting for element to present..
2018-03-28 13:58:58 INFO  WaitHelper:30 - element is present...
2018-03-28 13:58:58 INFO  loginPage:41 - clicking login button
2018-03-28 13:58:59 INFO  WaitHelper:27 - waiting for element to present..
2018-03-28 13:59:00 INFO  WaitHelper:30 - element is present...
2018-03-28 13:59:00 INFO  loginPage:44 - entering user Name: admin@inmeghcms.in
2018-03-28 13:59:00 INFO  loginPage:49 - entering password: 12345678
2018-03-28 13:59:00 INFO  loginPage:54 - clicking login button
2018-03-28 13:59:03 INFO  WaitHelper:27 - waiting for element to present..
2018-03-28 13:59:03 INFO  WaitHelper:30 - element is present...
2018-03-28 13:59:03 INFO  loginPage:41 - clicking login button
2018-03-28 13:59:04 INFO  WaitHelper:27 - waiting for element to present..
2018-03-28 13:59:04 INFO  WaitHelper:30 - element is present...
2018-03-28 13:59:05 INFO  loginPage:44 - entering user Name: admin@inmeghcms.in
2018-03-28 13:59:05 INFO  loginPage:49 - entering password: 12345678
2018-03-28 13:59:05 INFO  loginPage:54 - clicking login button
2018-03-28 13:59:07 INFO  WaitHelper:27 - waiting for element to present..
2018-03-28 13:59:07 INFO  WaitHelper:30 - element is present...
2018-03-28 13:59:07 INFO  loginPage:41 - clicking login button
2018-03-28 13:59:07 INFO  WaitHelper:27 - waiting for element to present..
2018-03-28 13:59:08 INFO  WaitHelper:30 - element is present...
